00000000: 1800AB00000000002F00000000002F00000000002F
00000018: 003000000000002F00000000002F00000000002F
00000030: 7E001011600000000002F00000000002F00000000002F
00000048: 20100AA00000000002F00000000002F00000000002F
00000060: 1042A00000000002F00000000002F00000000002F
00000078: 401041600000000002F00000000002F00000000002F
00000090: 7F801011600000000002F00000000002F00000000002F
000000A8: C002B00000000002F00000000002F00000000002F
000000C0: 1E04AD00000000002F00000000002F00000000002F
000000D8: 1A0404AA00000000002F00000000002F00000000002F
000000F0: 1A0404A900000000002F00000000002F00000000002F
00000108: 002F00000000002F00000000002F00000000002F
00000120: 002F00000000002F00000000002F00000000002F
00000138: 484A900000000002F00000000002F00000000002F
00000150: 002F00000000002F00000000002F00000000002F
00000168: 002F00000000002F00000000002F00000000002F
00000180: 180404AA00000000002F00000000002F00000000002F
00000198: 1A0404A900000000002F00000000002F00000000002F
000001B0: 002F00000000002F00000000002F00000000002F
000001C8: 002F00000000002F00000000002F00000000002F
000001E0: 20484A900000000002F00000000002F00000000002F
000001F8: 002F00000000002F00000000002F00000000002F
00000210: 002F00000000002F00000000002F00000000002F
00000228: 160404AA00000000002F00000000002F00000000002F
00000240: 04AD00000000002F00000000002F00000000002F
00000258: 140404AA00000000002F00000000002F00000000002F
00000270: 84AD00000000002F00000000002F00000000002F
00000288: 480048200000000002F00000000002F00000000002F
000002A0: 120404AA00000000002F00000000002F00000000002F
000002B8: 84AD00000000002F00000000002F00000000002F
000002D0: 100404AA00000000002F00000000002F00000000002F
000002E8: 3FF00004AE00000000002F00000000002F00000000002F
00000300: F84849600000000002F00000000002F00000000002F
00000318: E0404AA00000000002F00000000002F00000000002F
00000330: 100404A900000000002F00000000002F00000000002F
00000348: 002F00000000002F00000000002F00000000002F
00000360: 002F00000000002F00000000002F00000000002F
00000378: 485960007E010851600000000002F00000000002F
00000390: 04AD00000000002F00000000002F00000000002F
000003A8: 5FF8480CD00000000002F00000000002F00000000002F
000003C0: 84AD00000000002F00000000002F00000000002F
000003D8: 002F00000000002F00000000002F00000000002F
000003F0: 5FF8500CE00000000002F00000000002F00000000002F
00000408: 7E01085160000000084AD00000000002F00000000002F
00000420: 5FF8500CD00000000002F00000000002F00000000002F
00000438: 120404A900000000002F00000000002F00000000002F
00000450: 002F00000000002F00000000002F00000000002F
00000468: 002F00000000002F00000000002F00000000002F
00000480: 485960007E010851600000000002F00000000002F
00000498: 04AD0000000580CC00000000002F00000000002F
000004B0: 848080D200000000002F00000000002F00000000002F
000004C8: 84AD00000000002F00000000002F00000000002F
000004E0: 002F00000000002F00000000002F00000000002F
000004F8: 5FF8500CE00000000002F00000000002F00000000002F
00000510: 04AD00000000002F00000000002F00000000002F
00000528: C0404AA00000000002F00000000002F00000000002F
00000540: C002B00000000002F00000000002F00000000002F
00000558: C0404A900000000002F00000000002F00000000002F
00000570: 002F00000000002F00000000002F00000000002F
00000588: 002F00000000002F00000000002F00000000002F
000005A0: 4851600000000002F00000000002F00000000002F
000005B8: 84AD00000000002F00000000002F00000000002F
000005D0: 60485002500000000002F00000000002F00000000002F
000005E8: C0002B00000000002F00000000002F00000000002F
00000600: 140404A900000000002F00000000002F00000000002F
00000618: 002F00000000002F00000000002F00000000002F
00000630: 002F00000000002F00000000002F00000000002F
00000648: 4859600000000002F00000000002F00000000002F
00000660: 180404A900000000002F00000000002F00000000002F
00000678: 002F00000000002F00000000002F00000000002F
00000690: 002F00000000002F00000000002F00000000002F
000006A8: 4851600000000002F00000000002F00000000002F
000006C0: E0404A900000000002F00000000002F00000000002F
000006D8: 002F00000000002F00000000002F00000000002F
000006F0: 002F00000000002F00000000002F00000000002F
00000708: 4048505D800000000002F00000000002F00000000002F
00000720: 04AD00000000002F00000000002F00000000002F
00000738: A0404AA00000000002F00000000002F00000000002F
00000750: 30002B00000000002F00000000002F00000000002F
00000768: 003000000000002F00000000002F00000000002F
00000780: 04AD00000000002F00000000002F00000000002F
00000798: 414002B00000000002F00000000002F00000000002F
000007B0: A0404A900000000002F00000000002F00000000002F
000007C8: 002F00000000002F00000000002F00000000002F
000007E0: 002F00000000002F00000000002F00000000002F
000007F8: 4851600000000002F00000000002F00000000002F
00000810: 1004AD00000000002F00000000002F00000000002F
00000828: 60485002500000000002F00000000002F00000000002F
00000840: 270002B00000000002F00000000002F00000000002F
00000858: A0404A900000000002F00000000002F00000000002F
00000870: 002F00000000002F00000000002F00000000002F
00000888: 002F00000000002F00000000002F00000000002F
000008A0: 4859600000000002F00000000002F00000000002F
000008B8: 100404A90007C010851600000000002F00000000002F
000008D0: 002F00000000002F00000000002F00000000002F
000008E8: 002F00000000002F00000000002F00000000002F
00000900: 5FF8580CD00000000002F00000000002F00000000002F
00000918: 84AD00000000002F00000000002F00000000002F
00000930: 002F00000000002F00000000002F00000000002F
00000948: 5FF8500CE00000000002F00000000002F00000000002F
00000960: 7C01085160000000084AD00000000002F00000000002F
00000978: 5FF8500CD00000000002F00000000002F00000000002F
00000990: 002F00000000002F00000000002F00000000002F
000009A8: 002F00000000002F00000000002F00000000002F
000009C0: 81320007E01085160000000084AD00000000002F
000009D8: 5FF8500CD00000000002F00000000002F00000000002F
000009F0: 120404A900000000002F00000000002F00000000002F
00000A08: 002F00000000002F00000000002F00000000002F
00000A20: 002F00000000002F00000000002F00000000002F
00000A38: 480CC00000000002F00000000002F00000000002F
00000A50: 80810BB00000000002F00000000002F00000000002F
00000A68: 84CB00000000002F00000000002F00000000002F
00000A80: 80404AA0007C010851600000000002F00000000002F
00000A98: 84AD00000000002F00000000002F00000000002F
00000AB0: 5FF8500CD00000000002F00000000002F00000000002F
00000AC8: 80404A900000000002F00000000002F00000000002F
00000AE0: 002F00000000002F00000000002F00000000002F
00000AF8: 002F00000000002F00000000002F00000000002F
00000B10: 485960007A010851600000000002F00000000002F
00000B28: 04AD0000000580CC00000000002F00000000002F
00000B40: 848080D200000000002F00000000002F00000000002F
00000B58: 84AD00000000002F00000000002F00000000002F
00000B70: 002F00000000002F00000000002F00000000002F
00000B88: 5FF8500CE00000000002F00000000002F00000000002F
00000BA0: 7A01085160000000084AD00000000002F00000000002F
00000BB8: 5FF8500CD00000000002F00000000002F00000000002F
00000BD0: A0404A900000000002F00000000002F00000000002F
00000BE8: 002F00000000002F00000000002F00000000002F
00000C00: 002F00000000002F00000000002F00000000002F
00000C18: 4851600000000002F00000000002F00000000002F
00000C30: 100404A900000000002F00000000002F00000000002F
00000C48: 002F00000000002F00000000002F00000000002F
00000C60: 002F00000000002F00000000002F00000000002F
00000C78: 5FF8500CE00000000002F00000000002F00000000002F
00000C90: A0404A900000000002F00000000002F00000000002F
00000CA8: 002F00000000002F00000000002F00000000002F
00000CC0: 002F00000000002F00000000002F00000000002F
00000CD8: 84849600000000002F00000000002F00000000002F
00000CF0: A0404AA00000000002F00000000002F00000000002F
00000D08: FFFD54002B00000000002F00000000002F00000000002F
00000D20: 140404A900000000002F00000000002F00000000002F
00000D38: 002F00000000002F00000000002F00000000002F
00000D50: 002F00000000002F00000000002F00000000002F
00000D68: 4859600000000002F00000000002F00000000002F
00000D80: 160404A900000000002F00000000002F00000000002F
00000D98: 002F00000000002F00000000002F00000000002F
00000DB0: 002F00000000002F00000000002F00000000002F
00000DC8: 4851600000000002F00000000002F00000000002F
00000DE0: E0404A900000000002F00000000002F00000000002F
00000DF8: 002F00000000002F00000000002F00000000002F
00000E10: 002F00000000002F00000000002F00000000002F
00000E28: 4048505D900000000002F00000000002F00000000002F
00000E40: 180404A900000000002F00000000002F00000000002F
00000E58: 002F00000000002F00000000002F00000000002F
00000E70: 002F00000000002F00000000002F00000000002F
00000E88: 40004849600000000002F00000000002F00000000002F
00000EA0: 180404AA00000000002F00000000002F00000000002F
00000EB8: 160404A900000000002F00000000002F00000000002F
00000ED0: 002F00000000002F00000000002F00000000002F
00000EE8: 002F00000000002F00000000002F00000000002F
00000F00: 40004849600000000002F00000000002F00000000002F
00000F18: 160404AA00000000002F00000000002F00000000002F
00000F30: C0404A900000000002F00000000002F00000000002F
00000F48: 002F00000000002F00000000002F00000000002F
00000F60: 002F00000000002F00000000002F00000000002F
00000F78: 84849600000000002F00000000002F00000000002F
00000F90: C0404AA00000000002F00000000002F00000000002F
00000FA8: FFFAD8002B00000000002F00000000002F00000000002F
00000FC0: 4851600000801011600000000002F00000000002F
00000FD8: 20100A900000000002F00000000002F00000000002F
00000FF0: 1042900000000002F00000000002F00000000002F
00001008: 2001011600000000002F00000000002F00000000002F
00001020: 802C00000000002F00000000002F00000000002F

DATA MEM
0000003C: 00001000
0000003E: 30000000
00000040: 00003000
00000042: 00000000
00000044: 00000000
00000046: 00000000
00000048: 00000000
0000004A: 00000000
0000004C: 00000000
0000004E: 00000000
00000050: 00000000
00000052: 00000000
00000054: 00000000
00000056: 00000000
00000058: 00000000
0000005A: 00000000
0000005C: 00000000
0000005E: 00000000
00000060: 00000000
00000062: 00000000
00000064: 00000000
00000066: 00000000
00000068: 00000000
0000006A: 00000000
0000006C: 00000000
0000006E: 00000000
00000070: 00000000
00000072: 00000000
00000074: 00000000
00000076: 00000000
00000078: 00000000
0000007A: 00000000
0000007C: 00000000
0000007E: 00000000
00000080: 00000000
00000082: 00000000
00000084: 00000000
00000086: 00000000
00000088: 00000000
0000008A: 00000000
0000008C: 00000000
0000008E: 00000000
00000090: 00000000
00000092: 00000000
00000094: 00000000
00000096: 00000000
00000098: 00000000
0000009A: 00000000
0000009C: 00000000
0000009E: 00000000
000000A0: 00000000
000000A2: 00000000
000000A4: 00000000
000000A6: 00000000
000000A8: 00000000
000000AA: 00000000
000000AC: 00000000
000000AE: 00000000
000000B0: 00000000
000000B2: 00000000
000000B4: 00000000
000000B6: 00000000
000000B8: 00000000
000000BA: 00000000
000000BC: 00000000
000000BE: 00000000
000000C0: 00000000
000000C2: 00000000
000000C4: 00000000
000000C6: 00000000
000000C8: 00000000
000000CA: 00000000
000000CC: 00000000
000000CE: 00000000
000000D0: 00000000
000000D2: 00000000
000000D4: 00000000
000000D6: 00000000
000000D8: 00000000
000000DA: 00000000
000000DC: 00000000
000000DE: 00000000
000000E0: 00000000
000000E2: 00000000
000000E4: 00000000
000000E6: 00000000
000000E8: 00000000
000000EA: 00000000
000000EC: 00000000
000000EE: 00000000
000000F0: 00000000
000000F2: 00000000
000000F4: 00000000
000000F6: 00000000
000000F8: 00000000
000000FA: 00000000
000000FC: 00000000
000000FE: 00000000
00000100: 00000000
00000102: 00000000
00000104: 00000000
00000106: 00000000
00000108: 00000000
0000010A: 00000000
0000010C: 00000000
0000010E: 00000000
00000110: 00000000
00000112: 00000000
00000114: 00000000
00000116: 00000000
00000118: 00000000
0000011A: 00000000
0000011C: 00000000
0000011E: 00000000
00000120: 00000000
00000122: 00000000
00000124: 00000000
00000126: 00000000
00000128: 00000000
0000012A: 00000000
0000012C: 00000000
0000012E: 00000000
00000130: 00000000
00000132: 00000000
00000134: 00000000
00000136: 00000000
00000138: 00000000
0000013A: 00000000
0000013C: 00000000
0000013E: 00000000
00000140: 00000000
00000142: 00000000
00000144: 00000000
00000146: 00000000
00000148: 00000000
0000014A: 00000000
0000014C: 00000000
0000014E: 00000000
00000150: 00000000
00000152: 00000000
00000154: 00000000
00000156: 00000000
00000158: 00000000
0000015A: 00000000
0000015C: 00000000
0000015E: 00000000
00000160: 00000000
00000162: 00000000
00000164: 00000000
00000166: 00000000
00000168: 00000000
0000016A: 00000000
0000016C: 00000000
0000016E: 00000000
00000170: 00000000
00000172: 00000000
00000174: 00000000
00000176: 00000000
00000178: 00000000
0000017A: 00000000
0000017C: 00000000
0000017E: 00000000
00000180: 00000000
00000182: 00000000
00000184: 00000000
00000186: 00000000
00000188: 00000000
0000018A: 00000000
0000018C: 00000000
0000018E: 00000000
00000190: 00000000
00000192: 00000000
00000194: 00000000
00000196: 00000000
00000198: 00000000
0000019A: 00000000
0000019C: 00000000
0000019E: 00000000
000001A0: 00000000
000001A2: 00000000
000001A4: 00000000
000001A6: 00000000
000001A8: 00000000
000001AA: 00000000
000001AC: 00000000
000001AE: 00000000
000001B0: 00000000
000001B2: 00000000
000001B4: 00000000
000001B6: 00000000
000001B8: 00000000
000001BA: 00000000
000001BC: 00000000
000001BE: 00000000
000001C0: 00000000
000001C2: 00000000
000001C4: 00000000
000001C6: 00000000
000001C8: 00000000
000001CA: 00000000
000001CC: 00000000
000001CE: 00000000
000001D0: 00000000
000001D2: 00000000
000001D4: 00000000
000001D6: 00000000
000001D8: 00000000
000001DA: 00000000
000001DC: 00000000
000001DE: 00000000
000001E0: 00000000
000001E2: 00000000
000001E4: 00000000
000001E6: 00000000
000001E8: 00000000
000001EA: 00000000
000001EC: 00000000
000001EE: 00000000
000001F0: 00000000
000001F2: 00000000
000001F4: 00000000
000001F6: 00000000
000001F8: 00000000
000001FA: 00000000
000001FC: 00000000
000001FE: 00000000
00000200: 00000000
00000202: 00000000
00000204: 00000000
00000206: 00000000
00000208: 00000000
0000020A: 00000000
0000020C: 00000000
0000020E: 00000000
00000210: 00000000
00000212: 00000000
00000214: 00000000
00000216: 00000000
00000218: 00000000
0000021A: 00000000
0000021C: 00000000
0000021E: 00000000
00000220: 00000000
00000222: 00000000
00000224: 00000000
00000226: 00000000
00000228: 00000000
0000022A: 00000000
0000022C: 00000000
0000022E: 00000000
00000230: 00000000
00000232: 00000000
00000234: 00000000
00000236: 00000000
00000238: 00000000
0000023A: 00000000
0000023C: 00000000
0000023E: 00000000
00000240: 00000000
00000242: 00000000
00000244: 00000000
00000246: 00000000
00000248: 00000000
0000024A: 00000000
0000024C: 00000000
0000024E: 00000000
00000250: 00000000
00000252: 00000000
00000254: 00000000
00000256: 00000000
00000258: 00000000
0000025A: 00000000
0000025C: 00000000
0000025E: 00000000
00000260: 00000000
00000262: 00000000
00000264: 00000000
00000266: 00000000
00000268: 00000000
0000026A: 00000000
0000026C: 00000000
0000026E: 00000000
00000270: 00000000
00000272: 00000000
00000274: 00000000
00000276: 00000000
00000278: 00000000
0000027A: 00000000
0000027C: 00000000
0000027E: 00000000
00000280: 00000000
00000282: 00000000
00000284: 00000000
00000286: 00000000
00000288: 00000000
0000028A: 00000000
0000028C: 00000000
0000028E: 00000000
00000290: 00000000
00000292: 00000000
00000294: 00000000
00000296: 00000000
00000298: 00000000
0000029A: 00000000
0000029C: 00000000
0000029E: 00000000
000002A0: 00000000
000002A2: 00000000
000002A4: 00000000
000002A6: 00000000
000002A8: 00000000
000002AA: 00000000
000002AC: 00000000
000002AE: 00000000
000002B0: 00000000
000002B2: 00000000
000002B4: 00000000
000002B6: 00000000
000002B8: 00000000
000002BA: 00000000
000002BC: 00000000
000002BE: 00000000
000002C0: 00000000
000002C2: 00000000
000002C4: 00000000
000002C6: 00000000
000002C8: 00000000
000002CA: 00000000
000002CC: 00000000
000002CE: 00000000
000002D0: 00000000
000002D2: 00000000
000002D4: 00000000
000002D6: 00000000
000002D8: 00000000
000002DA: 00000000
000002DC: 00000000
000002DE: 00000000
000002E0: 00000000
000002E2: 00000000
000002E4: 00000000
000002E6: 00000000
000002E8: 00000000
000002EA: 00000000
000002EC: 00000000
000002EE: 00000000
000002F0: 00000000
000002F2: 00000000
000002F4: 00000000
000002F6: 00000000
000002F8: 00000000
000002FA: 00000000
000002FC: 00000000
000002FE: 00000000
00000300: 00000000
00000302: 00000000
00000304: 00000000
00000306: 00000000
00000308: 00000000
0000030A: 00000000
0000030C: 00000000
0000030E: 00000000
00000310: 00000000
00000312: 00000000
00000314: 00000000
00000316: 00000000
00000318: 00000000
0000031A: 00000000
0000031C: 00000000
0000031E: 00000000
00000320: 00000000
00000322: 00000000
00000324: 00000000
00000326: 00000000
00000328: 00000000
0000032A: 00000000
0000032C: 00000000
0000032E: 00000000
00000330: 00000000
00000332: 00000000
00000334: 00000000
00000336: 00000000
00000338: 00000000
0000033A: 00000000
0000033C: 00000000
0000033E: 00000000
00000340: 00000000
00000342: 00000000
00000344: 00000000
00000346: 00000000
00000348: 00000000
0000034A: 00000000
0000034C: 00000000
0000034E: 00000000
00000350: 00000000
00000352: 00000000
00000354: 00000000
00000356: 00000000
00000358: 00000000
0000035A: 00000000
0000035C: 00000000
0000035E: 00000000
00000360: 00000000
00000362: 00000000
00000364: 00000000
00000366: 00000000
00000368: 00000000
0000036A: 00000000
0000036C: 00000000
0000036E: 00000000
00000370: 00000000
00000372: 00000000
00000374: 00000000
00000376: 00000000
00000378: 00000000
0000037A: 00000000
0000037C: 00000000
0000037E: 00000000
00000380: 00000000
00000382: 00000000
00000384: 00000000
00000386: 00000000
00000388: 00000000
0000038A: 00000000
0000038C: 00000000
0000038E: 00000000
00000390: 00000000
00000392: 00000000
00000394: 00000000
00000396: 00000000
00000398: 00000000
0000039A: 00000000
0000039C: 00000000
0000039E: 00000000
000003A0: 00000000
000003A2: 00000000
000003A4: 00000000
000003A6: 00000000
000003A8: 00000000
000003AA: 00000000
000003AC: 00000000
000003AE: 00000000
000003B0: 00000000
000003B2: 00000000
000003B4: 00000000
000003B6: 00000000
000003B8: 00000000
000003BA: 00000000
000003BC: 00000000
000003BE: 00000000
000003C0: 00000000
000003C2: 00000000
000003C4: 00000000
000003C6: 00000000
000003C8: 00000000
000003CA: 00000000
000003CC: 00000000
000003CE: 00000000
000003D0: 00000000
000003D2: 00000000
000003D4: 00000000
000003D6: 00000000
000003D8: 00000000
000003DA: 00000000
000003DC: 00000000
000003DE: 00000000
000003E0: 00000000
000003E2: 00000000
000003E4: 00000000
000003E6: 00000000
000003E8: 00000000
000003EA: 00000000
000003EC: 00000000
000003EE: 00000000
000003F0: 00000000
000003F2: 00000000
000003F4: 00000000
000003F6: 00000000
000003F8: 00000000
000003FA: 00000000
000003FC: 00000000
000003FE: 00000000
00000400: 00000000
00000402: 00000000
00000404: 00000000
00000406: 00000000
00000408: 00000000
0000040A: 00000000
0000040C: 00000000
0000040E: 00000000
00000410: 00000000
00000412: 00000000
00000414: 00000000
00000416: 00000000
00000418: 00000000
0000041A: 00000000
0000041C: 00000000
0000041E: 00000000
00000420: 00000000
00000422: 00000000
00000424: 00000000
00000426: 00000000
00000428: 00000000
0000042A: 00000000
0000042C: 00000000
0000042E: 00000000
00000430: 00000000
00000432: 00000000
00000434: 00000000
00000436: 00000000
00000438: 00000000
0000043A: 00000000
0000043C: 00000000
0000043E: 00000000
00000440: 00000000
00000442: 00000000
00000444: 00000000
00000446: 00000000
00000448: 00000000
0000044A: 00000000
0000044C: 00000000
0000044E: 00000000
00000450: 00000000
00000452: 00000000
00000454: 00000000
00000456: 00000000
00000458: 00000000
0000045A: 00000000
0000045C: 00000000
0000045E: 00000000
00000460: 00000000
00000462: 00000000
00000464: 00000000
00000466: 00000000
00000468: 00000000
0000046A: 00000000
0000046C: 00000000
0000046E: 00000000
00000470: 00000000
00000472: 00000000
00000474: 00000000
00000476: 00000000
00000478: 00000000
0000047A: 00000000
0000047C: 00000000
0000047E: 00000000
00000480: 00000000
00000482: 00000000
00000484: 00000000
00000486: 00000000
00000488: 00000000
0000048A: 00000000
0000048C: 00000000
0000048E: 00000000
00000490: 00000000
00000492: 00000000
00000494: 00000000
00000496: 00000000
00000498: 00000000
0000049A: 00000000
0000049C: 00000000
0000049E: 00000000
000004A0: 00000000
000004A2: 00000000
000004A4: 00000000
000004A6: 00000000
000004A8: 00000000
000004AA: 00000000
000004AC: 00000000
000004AE: 00000000
000004B0: 00000000
000004B2: 00000000
000004B4: 00000000
000004B6: 00000000
000004B8: 00000000
000004BA: 00000000
000004BC: 00000000
000004BE: 00000000
000004C0: 00000000
000004C2: 00000000
000004C4: 00000000
000004C6: 00000000
000004C8: 00000000
000004CA: 00000000
000004CC: 00000000
000004CE: 00000000
000004D0: 00000000
000004D2: 00000000
000004D4: 00000000
000004D6: 00000000
000004D8: 00000000
000004DA: 00000000
000004DC: 00000000
000004DE: 00000000
000004E0: 00000000
000004E2: 00000000
000004E4: 00000000
000004E6: 00000000
000004E8: 00000000
000004EA: 00000000
000004EC: 00000000
000004EE: 00000000
000004F0: 00000000
000004F2: 00000000
000004F4: 00000000
000004F6: 00000000
000004F8: 00000000
000004FA: 00000000
000004FC: 00000000
000004FE: 00000000
00000500: 00000000
00000502: 00000000
00000504: 00000000
00000506: 00000000
00000508: 00000000
0000050A: 00000000
0000050C: 00000000
0000050E: 00000000
00000510: 00000000
00000512: 00000000
00000514: 00000000
00000516: 00000000
00000518: 00000000
0000051A: 00000000
0000051C: 00000000
0000051E: 00000000
00000520: 00000000
00000522: 00000000
00000524: 00000000
00000526: 00000000
00000528: 00000000
0000052A: 00000000
0000052C: 00000000
0000052E: 00000000
00000530: 00000000
00000532: 00000000
00000534: 00000000
00000536: 00000000
00000538: 00000000
0000053A: 00000000
0000053C: 00000000
0000053E: 00000000
00000540: 00000000
00000542: 00000000
00000544: 00000000
00000546: 00000000
00000548: 00000000
0000054A: 00000000
0000054C: 00000000
0000054E: 00000000
00000550: 00000000
00000552: 00000000
00000554: 00000000
00000556: 00000000
00000558: 00000000
0000055A: 00000000
0000055C: 00000000
0000055E: 00000000
00000560: 00000000
00000562: 00000000
00000564: 00000000
00000566: 00000000
00000568: 00000000
0000056A: 00000000
0000056C: 00000000
0000056E: 00000000
00000570: 00000000
00000572: 00000000
00000574: 00000000
00000576: 00000000
00000578: 00000000
0000057A: 00000000
0000057C: 00000000
0000057E: 00000000
00000580: 00000000
00000582: 00000000
00000584: 00000000
00000586: 00000000
00000588: 00000000
0000058A: 00000000
0000058C: 00000000
0000058E: 00000000
00000590: 00000000
00000592: 00000000
00000594: 00000000
00000596: 00000000
00000598: 00000000
0000059A: 00000000
0000059C: 00000000
0000059E: 00000000
000005A0: 00000000
000005A2: 00000000
000005A4: 00000000
000005A6: 00000000
000005A8: 00000000
000005AA: 00000000
000005AC: 00000000
000005AE: 00000000
000005B0: 00000000
000005B2: 00000000
000005B4: 00000000
000005B6: 00000000
000005B8: 00000000
000005BA: 00000000
000005BC: 00000000
000005BE: 00000000
000005C0: 00000000
000005C2: 00000000
000005C4: 00000000
000005C6: 00000000
000005C8: 00000000
000005CA: 00000000
000005CC: 00000000
000005CE: 00000000
000005D0: 00000000
000005D2: 00000000
000005D4: 00000000
000005D6: 00000000
000005D8: 00000000
000005DA: 00000000
000005DC: 00000000
000005DE: 00000000
000005E0: 00000000
000005E2: 00000000
000005E4: 00000000
000005E6: 00000000
000005E8: 00000000
000005EA: 00000000
000005EC: 00000000
000005EE: 00000000
000005F0: 00000000
000005F2: 00000000
000005F4: 00000000
000005F6: 00000000
000005F8: 00000000
000005FA: 00000000
000005FC: 00000000
000005FE: 00000000
00000600: 00000000
00000602: 00000000
00000604: 00000000
00000606: 00000000
00000608: 00000000
0000060A: 00000000
0000060C: 00000000
0000060E: 00000000
00000610: 00000000
00000612: 00000000
00000614: 00000000
00000616: 00000000
00000618: 00000000
0000061A: 00000000
0000061C: 00000000
0000061E: 00000000
00000620: 00000000
00000622: 00000000
00000624: 00000000
00000626: 00000000
00000628: 00000000
0000062A: 00000000
0000062C: 00000000
0000062E: 00000000
00000630: 00000000
00000632: 00000000
00000634: 00000000
00000636: 00000000
00000638: 00000000
0000063A: 00000000
0000063C: 00000000
0000063E: 00000000
00000640: 00000000
00000642: 00000000
00000644: 00000000
00000646: 00000000
00000648: 00000000
0000064A: 00000000
0000064C: 00000000
0000064E: 00000000
00000650: 00000000
00000652: 00000000
00000654: 00000000
00000656: 00000000
00000658: 00000000
0000065A: 00000000
0000065C: 00000000
0000065E: 00000000
00000660: 00000000
00000662: 00000000
00000664: 00000000
00000666: 00000000
00000668: 00000000
0000066A: 00000000
0000066C: 00000000
0000066E: 00000000
00000670: 00000000
00000672: 00000000
00000674: 00000000
00000676: 00000000
00000678: 00000000
0000067A: 00000000
0000067C: 00000000
0000067E: 00000000
00000680: 00000000
00000682: 00000000
00000684: 00000000
00000686: 00000000
00000688: 00000000
0000068A: 00000000
0000068C: 00000000
0000068E: 00000000
00000690: 00000000
00000692: 00000000
00000694: 00000000
00000696: 00000000
00000698: 00000000
0000069A: 00000000
0000069C: 00000000
0000069E: 00000000
000006A0: 00000000
000006A2: 00000000
000006A4: 00000000
000006A6: 00000000
000006A8: 00000000
000006AA: 00000000
000006AC: 00000000
000006AE: 00000000
000006B0: 00000000
000006B2: 00000000
000006B4: 00000000
000006B6: 00000000
000006B8: 00000000
000006BA: 00000000
000006BC: 00000000
000006BE: 00000000
000006C0: 00000000
000006C2: 00000000
000006C4: 00000000
000006C6: 00000000
000006C8: 00000000
000006CA: 00000000
000006CC: 00000000
000006CE: 00000000
000006D0: 00000000
000006D2: 00000000
000006D4: 00000000
000006D6: 00000000
000006D8: 00000000
000006DA: 00000000
000006DC: 00000000
000006DE: 00000000
000006E0: 00000000
000006E2: 00000000
000006E4: 00000000
000006E6: 00000000
000006E8: 00000000
000006EA: 00000000
000006EC: 00000000
000006EE: 00000000
000006F0: 00000000
000006F2: 00000000
000006F4: 00000000
000006F6: 00000000
000006F8: 00000000
000006FA: 00000000
000006FC: 00000000
000006FE: 00000000
00000700: 00000000
00000702: 00000000
00000704: 00000000
00000706: 00000000
00000708: 00000000
0000070A: 00000000
0000070C: 00000000
0000070E: 00000000
00000710: 00000000
00000712: 00000000
00000714: 00000000
00000716: 00000000
00000718: 00000000
0000071A: 00000000
0000071C: 00000000
0000071E: 00000000
00000720: 00000000
00000722: 00000000
00000724: 00000000
00000726: 00000000
00000728: 00000000
0000072A: 00000000
0000072C: 00000000
0000072E: 00000000
00000730: 00000000
00000732: 00000000
00000734: 00000000
00000736: 00000000
00000738: 00000000
0000073A: 00000000
0000073C: 00000000
0000073E: 00000000
00000740: 00000000
00000742: 00000000
00000744: 00000000
00000746: 00000000
00000748: 00000000
0000074A: 00000000
0000074C: 00000000
0000074E: 00000000
00000750: 00000000
00000752: 00000000
00000754: 00000000
00000756: 00000000
00000758: 00000000
0000075A: 00000000
0000075C: 00000000
0000075E: 00000000
00000760: 00000000
00000762: 00000000
00000764: 00000000
00000766: 00000000
00000768: 00000000
0000076A: 00000000
0000076C: 00000000
0000076E: 00000000
00000770: 00000000
00000772: 00000000
00000774: 00000000
00000776: 00000000
00000778: 00000000
0000077A: 00000000
0000077C: 00000000
0000077E: 00000000
00000780: 00000000
00000782: 00000000
00000784: 00000000
00000786: 00000000
00000788: 00000000
0000078A: 00000000
0000078C: 00000000
0000078E: 00000000
00000790: 00000000
00000792: 00000000
00000794: 00000000
00000796: 00000000
00000798: 00000000
0000079A: 00000000
0000079C: 00000000
0000079E: 00000000
000007A0: 00000000
000007A2: 00000000
000007A4: 00000000
000007A6: 00000000
000007A8: 00000000
000007AA: 00000000
000007AC: 00000000
000007AE: 00000000
000007B0: 00000000
000007B2: 00000000
000007B4: 00000000
000007B6: 00000000
000007B8: 00000000
000007BA: 00000000
000007BC: 00000000
000007BE: 00000000
000007C0: 00000000
000007C2: 00000000
000007C4: 00000000
000007C6: 00000000
000007C8: 00000000
000007CA: 00000000
000007CC: 00000000
000007CE: 00000000
000007D0: 00000000
000007D2: 00000000
000007D4: 00000000
000007D6: 00000000
000007D8: 00000000
000007DA: 00000000
000007DC: 00000000
000007DE: 00000000
000007E0: 00000000
000007E2: 00000000
000007E4: 00000000
000007E6: 00000000
000007E8: 00000000
000007EA: 00000000
000007EC: 00000000
000007EE: 00000000
000007F0: 00000000
000007F2: 00000000
000007F4: 00000000
000007F6: 00000000
000007F8: 00000000
000007FA: 00000000
000007FC: 00000000
000007FE: 00000000
00000800: 00000000
00000802: 00000000
00000804: 00000000
00000806: 00000000
00000808: 00000000
0000080A: 00000000
0000080C: 00000000
0000080E: 00000000
00000810: 00000000
00000812: 00000000
00000814: 00000000
00000816: 00000000
00000818: 00000000
0000081A: 00000000
0000081C: 00000000
0000081E: 00000000
00000820: 00000000
00000822: 00000000
00000824: 00000000
00000826: 00000000
00000828: 00000000
0000082A: 00000000
0000082C: 00000000
0000082E: 00000000
00000830: 00000000
00000832: 00000000
00000834: 00000000
00000836: 00000000
00000838: 00000000
0000083A: 00000000
0000083C: 00000000
0000083E: 00000000
00000840: 00000000
00000842: 00000000
00000844: 00000000
00000846: 00000000
00000848: 00000000
0000084A: 00000000
0000084C: 00000000
0000084E: 00000000
00000850: 00000000
00000852: 00000000
00000854: 00000000
00000856: 00000000
00000858: 00000000
0000085A: 00000000
0000085C: 00000000
0000085E: 00000000
00000860: 00000000
00000862: 00000000
00000864: 00000000
00000866: 00000000
00000868: 00000000
0000086A: 00000000
0000086C: 00000000
0000086E: 00000000
00000870: 00000000
00000872: 00000000
00000874: 00000000
00000876: 00000000
00000878: 00000000
0000087A: 00000000
0000087C: 00000000
0000087E: 00000000
00000880: 00000000
00000882: 00000000
00000884: 00000000
00000886: 00000000
00000888: 00000000
0000088A: 00000000
0000088C: 00000000
0000088E: 00000000
00000890: 00000000
00000892: 00000000
00000894: 00000000
00000896: 00000000
00000898: 00000000
0000089A: 00000000
0000089C: 00000000
0000089E: 00000000
000008A0: 00000000
000008A2: 00000000
000008A4: 00000000
000008A6: 00000000
000008A8: 00000000
000008AA: 00000000
000008AC: 00000000
000008AE: 00000000
000008B0: 00000000
000008B2: 00000000
000008B4: 00000000
000008B6: 00000000
000008B8: 00000000
000008BA: 00000000
000008BC: 00000000
000008BE: 00000000
000008C0: 00000000
000008C2: 00000000
000008C4: 00000000
000008C6: 00000000
000008C8: 00000000
000008CA: 00000000
000008CC: 00000000
000008CE: 00000000
000008D0: 00000000
000008D2: 00000000
000008D4: 00000000
000008D6: 00000000
000008D8: 00000000
000008DA: 00000000
000008DC: 00000000
000008DE: 00000000
000008E0: 00000000
000008E2: 00000000
000008E4: 00000000
000008E6: 00000000
000008E8: 00000000
000008EA: 00000000
000008EC: 00000000
000008EE: 00000000
000008F0: 00000000
000008F2: 00000000
000008F4: 00000000
000008F6: 00000000
000008F8: 00000000
000008FA: 00000000
000008FC: 00000000
000008FE: 00000000
00000900: 00000000
00000902: 00000000
00000904: 00000000
00000906: 00000000
00000908: 00000000
0000090A: 00000000
0000090C: 00000000
0000090E: 00000000
00000910: 00000000
00000912: 00000000
00000914: 00000000
00000916: 00000000
00000918: 00000000
0000091A: 00000000
0000091C: 00000000
0000091E: 00000000
00000920: 00000000
00000922: 00000000
00000924: 00000000
00000926: 00000000
00000928: 00000000
0000092A: 00000000
0000092C: 00000000
0000092E: 00000000
00000930: 00000000
00000932: 00000000
00000934: 00000000
00000936: 00000000
00000938: 00000000
0000093A: 00000000
0000093C: 00000000
0000093E: 00000000
00000940: 00000000
00000942: 00000000
00000944: 00000000
00000946: 00000000
00000948: 00000000
0000094A: 00000000
0000094C: 00000000
0000094E: 00000000
00000950: 00000000
00000952: 00000000
00000954: 00000000
00000956: 00000000
00000958: 00000000
0000095A: 00000000
0000095C: 00000000
0000095E: 00000000
00000960: 00000000
00000962: 00000000
00000964: 00000000
00000966: 00000000
00000968: 00000000
0000096A: 00000000
0000096C: 00000000
0000096E: 00000000
00000970: 00000000
00000972: 00000000
00000974: 00000000
00000976: 00000000
00000978: 00000000
0000097A: 00000000
0000097C: 00000000
0000097E: 00000000
00000980: 00000000
00000982: 00000000
00000984: 00000000
00000986: 00000000
00000988: 00000000
0000098A: 00000000
0000098C: 00000000
0000098E: 00000000
00000990: 00000000
00000992: 00000000
00000994: 00000000
00000996: 00000000
00000998: 00000000
0000099A: 00000000
0000099C: 00000000
0000099E: 00000000
000009A0: 00000000
000009A2: 00000000
000009A4: 00000000
000009A6: 00000000
000009A8: 00000000
000009AA: 00000000
000009AC: 00000000
000009AE: 00000000
000009B0: 00000000
000009B2: 00000000
000009B4: 00000000
000009B6: 00000000
000009B8: 00000000
000009BA: 00000000
000009BC: 00000000
000009BE: 00000000
000009C0: 00000000
000009C2: 00000000
000009C4: 00000000
000009C6: 00000000
000009C8: 00000000
000009CA: 00000000
000009CC: 00000000
000009CE: 00000000
000009D0: 00000000
000009D2: 00000000
000009D4: 00000000
000009D6: 00000000
000009D8: 00000000
000009DA: 00000000
000009DC: 00000000
000009DE: 00000000
000009E0: 00000000
000009E2: 00000000
000009E4: 00000000
000009E6: 00000000
000009E8: 00000000
000009EA: 00000000
000009EC: 00000000
000009EE: 00000000
000009F0: 00000000
000009F2: 00000000
000009F4: 00000000
000009F6: 00000000
000009F8: 00000000
000009FA: 00000000
000009FC: 00000000
000009FE: 00000000
00000A00: 00000000
00000A02: 00000000
00000A04: 00000000
00000A06: 00000000
00000A08: 00000000
00000A0A: 00000000
00000A0C: 00000000
00000A0E: 00000000
00000A10: 00000000
00000A12: 00000000
00000A14: 00000000
00000A16: 00000000
00000A18: 00000000
00000A1A: 00000000
00000A1C: 00000000
00000A1E: 00000000
00000A20: 00000000
00000A22: 00000000
00000A24: 00000000
00000A26: 00000000
00000A28: 00000000
00000A2A: 00000000
00000A2C: 00000000
00000A2E: 00000000
00000A30: 00000000
00000A32: 00000000
00000A34: 00000000
00000A36: 00000000
00000A38: 00000000
00000A3A: 00000000
00000A3C: 00000000
00000A3E: 00000000
00000A40: 00000000
00000A42: 00000000
00000A44: 00000000
00000A46: 00000000
00000A48: 00000000
00000A4A: 00000000
00000A4C: 00000000
00000A4E: 00000000
00000A50: 00000000
00000A52: 00000000
00000A54: 00000000
00000A56: 00000000
00000A58: 00000000
00000A5A: 00000000
00000A5C: 00000000
00000A5E: 00000000
00000A60: 00000000
00000A62: 00000000
00000A64: 00000000
00000A66: 00000000
00000A68: 00000000
00000A6A: 00000000
00000A6C: 00000000
00000A6E: 00000000
00000A70: 00000000
00000A72: 00000000
00000A74: 00000000
00000A76: 00000000
00000A78: 00000000
00000A7A: 00000000
00000A7C: 00000000
00000A7E: 00000000
00000A80: 00000000
00000A82: 00000000
00000A84: 00000000
00000A86: 00000000
00000A88: 00000000
00000A8A: 00000000
00000A8C: 00000000
00000A8E: 00000000
00000A90: 00000000
00000A92: 00000000
00000A94: 00000000
00000A96: 00000000
00000A98: 00000000
00000A9A: 00000000
00000A9C: 00000000
00000A9E: 00000000
00000AA0: 00000000
00000AA2: 00000000
00000AA4: 00000000
00000AA6: 00000000
00000AA8: 00000000
00000AAA: 00000000
00000AAC: 00000000
00000AAE: 00000000
00000AB0: 00000000
00000AB2: 00000000
00000AB4: 00000000
00000AB6: 00000000
00000AB8: 00000000
00000ABA: 00000000
00000ABC: 00000000
00000ABE: 00000000
00000AC0: 00000000
00000AC2: 00000000
00000AC4: 00000000
00000AC6: 00000000
00000AC8: 00000000
00000ACA: 00000000
00000ACC: 00000000
00000ACE: 00000000
00000AD0: 00000000
00000AD2: 00000000
00000AD4: 00000000
00000AD6: 00000000
00000AD8: 00000000
00000ADA: 00000000
00000ADC: 00000000
00000ADE: 00000000
00000AE0: 00000000
00000AE2: 00000000
00000AE4: 00000000
00000AE6: 00000000
00000AE8: 00000000
00000AEA: 00000000
00000AEC: 00000000
00000AEE: 00000000
00000AF0: 00000000
00000AF2: 00000000
00000AF4: 00000000
00000AF6: 00000000
00000AF8: 00000000
00000AFA: 00000000
00000AFC: 00000000
00000AFE: 00000000
00000B00: 00000000
00000B02: 00000000
00000B04: 00000000
00000B06: 00000000
00000B08: 00000000
00000B0A: 00000000
00000B0C: 00000000
00000B0E: 00000000
00000B10: 00000000
00000B12: 00000000
00000B14: 00000000
00000B16: 00000000
00000B18: 00000000
00000B1A: 00000000
00000B1C: 00000000
00000B1E: 00000000
00000B20: 00000000
00000B22: 00000000
00000B24: 00000000
00000B26: 00000000
00000B28: 00000000
00000B2A: 00000000
00000B2C: 00000000
00000B2E: 00000000
00000B30: 00000000
00000B32: 00000000
00000B34: 00000000
00000B36: 00000000
00000B38: 00000000
00000B3A: 00000000
00000B3C: 00000000
00000B3E: 00000000
00000B40: 00000000
00000B42: 00000000
00000B44: 00000000
00000B46: 00000000
00000B48: 00000000
00000B4A: 00000000
00000B4C: 00000000
00000B4E: 00000000
00000B50: 00000000
00000B52: 00000000
00000B54: 00000000
00000B56: 00000000
00000B58: 00000000
00000B5A: 00000000
00000B5C: 00000000
00000B5E: 00000000
00000B60: 00000000
00000B62: 00000000
00000B64: 00000000
00000B66: 00000000
00000B68: 00000000
00000B6A: 00000000
00000B6C: 00000000
00000B6E: 00000000
00000B70: 00000000
00000B72: 00000000
00000B74: 00000000
00000B76: 00000000
00000B78: 00000000
00000B7A: 00000000
00000B7C: 00000000
00000B7E: 00000000
00000B80: 00000000
00000B82: 00000000
00000B84: 00000000
00000B86: 00000000
00000B88: 00000000
00000B8A: 00000000
00000B8C: 00000000
00000B8E: 00000000
00000B90: 00000000
00000B92: 00000000
00000B94: 00000000
00000B96: 00000000
00000B98: 00000000
00000B9A: 00000000
00000B9C: 00000000
00000B9E: 00000000
00000BA0: 00000000
00000BA2: 00000000
00000BA4: 00000000
00000BA6: 00000000
00000BA8: 00000000
00000BAA: 00000000
00000BAC: 00000000
00000BAE: 00000000
00000BB0: 00000000
00000BB2: 00000000
00000BB4: 00000000
00000BB6: 00000000
00000BB8: 00000000
00000BBA: 00000000
00000BBC: 00000000
00000BBE: 00000000
00000BC0: 00000000
00000BC2: 00000000
00000BC4: 00000000
00000BC6: 00000000
00000BC8: 00000000
00000BCA: 00000000
00000BCC: 00000000
00000BCE: 00000000
00000BD0: 00000000
00000BD2: 00000000
00000BD4: 00000000
00000BD6: 00000000
00000BD8: 00000000
00000BDA: 00000000
00000BDC: 00000000
00000BDE: 00000000
00000BE0: 00000000
00000BE2: 00000000
00000BE4: 00000000
00000BE6: 00000000
00000BE8: 00000000
00000BEA: 00000000
00000BEC: 00000000
00000BEE: 00000000
00000BF0: 00000000
00000BF2: 00000000
00000BF4: 00000000
00000BF6: 00000000
00000BF8: 00000000
00000BFA: 00000000
00000BFC: 00000000
00000BFE: 00000000
00000C00: 00000000
00000C02: 00000000
00000C04: 00000000
00000C06: 00000000
00000C08: 00000000
00000C0A: 00000000
00000C0C: 00000000
00000C0E: 00000000
00000C10: 00000000
00000C12: 00000000
00000C14: 00000000
00000C16: 00000000
00000C18: 00000000
00000C1A: 00000000
00000C1C: 00000000
00000C1E: 00000000
00000C20: 00000000
00000C22: 00000000
00000C24: 00000000
00000C26: 00000000
00000C28: 00000000
00000C2A: 00000000
00000C2C: 00000000
00000C2E: 00000000
00000C30: 00000000
00000C32: 00000000
00000C34: 00000000
00000C36: 00000000
00000C38: 00000000
00000C3A: 00000000
00000C3C: 00000000
00000C3E: 00000000
00000C40: 00000000
00000C42: 00000000
00000C44: 00000000
00000C46: 00000000
00000C48: 00000000
00000C4A: 00000000
00000C4C: 00000000
00000C4E: 00000000
00000C50: 00000000
00000C52: 00000000
00000C54: 00000000
00000C56: 00000000
00000C58: 00000000
00000C5A: 00000000
00000C5C: 00000000
00000C5E: 00000000
00000C60: 00000000
00000C62: 00000000
00000C64: 00000000
00000C66: 00000000
00000C68: 00000000
00000C6A: 00000000
00000C6C: 00000000
00000C6E: 00000000
00000C70: 00000000
00000C72: 00000000
00000C74: 00000000
00000C76: 00000000
00000C78: 00000000
00000C7A: 00000000
00000C7C: 00000000
00000C7E: 00000000
00000C80: 00000000
00000C82: 00000000
00000C84: 00000000
00000C86: 00000000
00000C88: 00000000
00000C8A: 00000000
00000C8C: 00000000
00000C8E: 00000000
00000C90: 00000000
00000C92: 00000000
00000C94: 00000000
00000C96: 00000000
00000C98: 00000000
00000C9A: 00000000
00000C9C: 00000000
00000C9E: 00000000
00000CA0: 00000000
00000CA2: 00000000
00000CA4: 00000000
00000CA6: 00000000
00000CA8: 00000000
00000CAA: 00000000
00000CAC: 00000000
00000CAE: 00000000
00000CB0: 00000000
00000CB2: 00000000
00000CB4: 00000000
00000CB6: 00000000
00000CB8: 00000000
00000CBA: 00000000
00000CBC: 00000000
00000CBE: 00000000
00000CC0: 00000000
00000CC2: 00000000
00000CC4: 00000000
00000CC6: 00000000
00000CC8: 00000000
00000CCA: 00000000
00000CCC: 00000000
00000CCE: 00000000
00000CD0: 00000000
00000CD2: 00000000
00000CD4: 00000000
00000CD6: 00000000
00000CD8: 00000000
00000CDA: 00000000
00000CDC: 00000000
00000CDE: 00000000
00000CE0: 00000000
00000CE2: 00000000
00000CE4: 00000000
00000CE6: 00000000
00000CE8: 00000000
00000CEA: 00000000
00000CEC: 00000000
00000CEE: 00000000
00000CF0: 00000000
00000CF2: 00000000
00000CF4: 00000000
00000CF6: 00000000
00000CF8: 00000000
00000CFA: 00000000
00000CFC: 00000000
00000CFE: 00000000
00000D00: 00000000
00000D02: 00000000
00000D04: 00000000
00000D06: 00000000
00000D08: 00000000
00000D0A: 00000000
00000D0C: 00000000
00000D0E: 00000000
00000D10: 00000000
00000D12: 00000000
00000D14: 00000000
00000D16: 00000000
00000D18: 00000000
00000D1A: 00000000
00000D1C: 00000000
00000D1E: 00000000
00000D20: 00000000
00000D22: 00000000
00000D24: 00000000
00000D26: 00000000
00000D28: 00000000
00000D2A: 00000000
00000D2C: 00000000
00000D2E: 00000000
00000D30: 00000000
00000D32: 00000000
00000D34: 00000000
00000D36: 00000000
00000D38: 00000000
00000D3A: 00000000
00000D3C: 00000000
00000D3E: 00000000
00000D40: 00000000
00000D42: 00000000
00000D44: 00000000
00000D46: 00000000
00000D48: 00000000
00000D4A: 00000000
00000D4C: 00000000
00000D4E: 00000000
00000D50: 00000000
00000D52: 00000000
00000D54: 00000000
00000D56: 00000000
00000D58: 00000000
00000D5A: 00000000
00000D5C: 00000000
00000D5E: 00000000
00000D60: 00000000
00000D62: 00000000
00000D64: 00000000
00000D66: 00000000
00000D68: 00000000
00000D6A: 00000000
00000D6C: 00000000
00000D6E: 00000000
00000D70: 00000000
00000D72: 00000000
00000D74: 00000000
00000D76: 00000000
00000D78: 00000000
00000D7A: 00000000
00000D7C: 00000000
00000D7E: 00000000
00000D80: 00000000
00000D82: 00000000
00000D84: 00000000
00000D86: 00000000
00000D88: 00000000
00000D8A: 00000000
00000D8C: 00000000
00000D8E: 00000000
00000D90: 00000000
00000D92: 00000000
00000D94: 00000000
00000D96: 00000000
00000D98: 00000000
00000D9A: 00000000
00000D9C: 00000000
00000D9E: 00000000
00000DA0: 00000000
00000DA2: 00000000
00000DA4: 00000000
00000DA6: 00000000
00000DA8: 00000000
00000DAA: 00000000
00000DAC: 00000000
00000DAE: 00000000
00000DB0: 00000000
00000DB2: 00000000
00000DB4: 00000000
00000DB6: 00000000
00000DB8: 00000000
00000DBA: 00000000
00000DBC: 00000000
00000DBE: 00000000
00000DC0: 00000000
00000DC2: 00000000
00000DC4: 00000000
00000DC6: 00000000
00000DC8: 00000000
00000DCA: 00000000
00000DCC: 00000000
00000DCE: 00000000
00000DD0: 00000000
00000DD2: 00000000
00000DD4: 00000000
00000DD6: 00000000
00000DD8: 00000000
00000DDA: 00000000
00000DDC: 00000000
00000DDE: 00000000
00000DE0: 00000000
00000DE2: 00000000
00000DE4: 00000000
00000DE6: 00000000
00000DE8: 00000000
00000DEA: 00000000
00000DEC: 00000000
00000DEE: 00000000
00000DF0: 00000000
00000DF2: 00000000
00000DF4: 00000000
00000DF6: 00000000
00000DF8: 00000000
00000DFA: 00000000
00000DFC: 00000000
00000DFE: 00000000
00000E00: 00000000
00000E02: 00000000
00000E04: 00000000
00000E06: 00000000
00000E08: 00000000
00000E0A: 00000000
00000E0C: 00000000
00000E0E: 00000000
00000E10: 00000000
00000E12: 00000000
00000E14: 00000000
00000E16: 00000000
00000E18: 00000000
00000E1A: 00000000
00000E1C: 00000000
00000E1E: 00000000
00000E20: 00000000
00000E22: 00000000
00000E24: 00000000
00000E26: 00000000
00000E28: 00000000
00000E2A: 00000000
00000E2C: 00000000
00000E2E: 00000000
00000E30: 00000000
00000E32: 00000000
00000E34: 00000000
00000E36: 00000000
00000E38: 00000000
00000E3A: 00000000
00000E3C: 00000000
00000E3E: 00000000
00000E40: 00000000
00000E42: 00000000
00000E44: 00000000
00000E46: 00000000
00000E48: 00000000
00000E4A: 00000000
00000E4C: 00000000
00000E4E: 00000000
00000E50: 00000000
00000E52: 00000000
00000E54: 00000000
00000E56: 00000000
00000E58: 00000000
00000E5A: 00000000
00000E5C: 00000000
00000E5E: 00000000
00000E60: 00000000
00000E62: 00000000
00000E64: 00000000
00000E66: 00000000
00000E68: 00000000
00000E6A: 00000000
00000E6C: 00000000
00000E6E: 00000000
00000E70: 00000000
00000E72: 00000000
00000E74: 00000000
00000E76: 00000000
00000E78: 00000000
00000E7A: 00000000
00000E7C: 00000000
00000E7E: 00000000
00000E80: 00000000
00000E82: 00000000
00000E84: 00000000
00000E86: 00000000
00000E88: 00000000
00000E8A: 00000000
00000E8C: 00000000
00000E8E: 00000000
00000E90: 00000000
00000E92: 00000000
00000E94: 00000000
00000E96: 00000000
00000E98: 00000000
00000E9A: 00000000
00000E9C: 00000000
00000E9E: 00000000
00000EA0: 00000000
00000EA2: 00000000
00000EA4: 00000000
00000EA6: 00000000
00000EA8: 00000000
00000EAA: 00000000
00000EAC: 00000000
00000EAE: 00000000
00000EB0: 00000000
00000EB2: 00000000
00000EB4: 00000000
00000EB6: 00000000
00000EB8: 00000000
00000EBA: 00000000
00000EBC: 00000000
00000EBE: 00000000
00000EC0: 00000000
00000EC2: 00000000
00000EC4: 00000000
00000EC6: 00000000
00000EC8: 00000000
00000ECA: 00000000
00000ECC: 00000000
00000ECE: 00000000
00000ED0: 00000000
00000ED2: 00000000
00000ED4: 00000000
00000ED6: 00000000
00000ED8: 00000000
00000EDA: 00000000
00000EDC: 00000000
00000EDE: 00000000
00000EE0: 00000000
00000EE2: 00000000
00000EE4: 00000000
00000EE6: 00000000
00000EE8: 00000000
00000EEA: 00000000
00000EEC: 00000000
00000EEE: 00000000
00000EF0: 00000000
00000EF2: 00000000
00000EF4: 00000000
00000EF6: 00000000
00000EF8: 00000000
00000EFA: 00000000
00000EFC: 00000000
00000EFE: 00000000
00000F00: 00000000
00000F02: 00000000
00000F04: 00000000
00000F06: 00000000
00000F08: 00000000
00000F0A: 00000000
00000F0C: 00000000
00000F0E: 00000000
00000F10: 00000000
00000F12: 00000000
00000F14: 00000000
00000F16: 00000000
00000F18: 00000000
00000F1A: 00000000
00000F1C: 00000000
00000F1E: 00000000
00000F20: 00000000
00000F22: 00000000
00000F24: 00000000
00000F26: 00000000
00000F28: 00000000
00000F2A: 00000000
00000F2C: 00000000
00000F2E: 00000000
00000F30: 00000000
00000F32: 00000000
00000F34: 00000000
00000F36: 00000000
00000F38: 00000000
00000F3A: 00000000
00000F3C: 00000000
00000F3E: 00000000
00000F40: 00000000
00000F42: 00000000
00000F44: 00000000
00000F46: 00000000
00000F48: 00000000
00000F4A: 00000000
00000F4C: 00000000
00000F4E: 00000000
00000F50: 00000000
00000F52: 00000000
00000F54: 00000000
00000F56: 00000000
00000F58: 00000000
00000F5A: 00000000
00000F5C: 00000000
00000F5E: 00000000
00000F60: 00000000
00000F62: 00000000
00000F64: 00000000
00000F66: 00000000
00000F68: 00000000
00000F6A: 00000000
00000F6C: 00000000
00000F6E: 00000000
00000F70: 00000000
00000F72: 00000000
00000F74: 00000000
00000F76: 00000000
00000F78: 00000000
00000F7A: 00000000
00000F7C: 00000000
00000F7E: 00000000
00000F80: 00000000
00000F82: 00000000
00000F84: 00000000
00000F86: 00000000
00000F88: 00000000
00000F8A: 00000000
00000F8C: 00000000
00000F8E: 00000000
00000F90: 00000000
00000F92: 00000000
00000F94: 00000000
00000F96: 00000000
00000F98: 00000000
00000F9A: 00000000
00000F9C: 00000000
00000F9E: 00000000
00000FA0: 00000000
00000FA2: 00000000
00000FA4: 00000000
00000FA6: 00000000
00000FA8: 00000000
00000FAA: 00000000
00000FAC: 00000000
00000FAE: 00000000
00000FB0: 00000000
00000FB2: 00000000
00000FB4: 00000000
00000FB6: 00000000
00000FB8: 00000000
00000FBA: 00000000
00000FBC: 00000000
00000FBE: 00000000
00000FC0: 00000000
00000FC2: 00000000
00000FC4: 00000000
00000FC6: 00000000
00000FC8: 00000000
00000FCA: 00000000
00000FCC: 00000000
00000FCE: 00000000
00000FD0: 00000000
00000FD2: 00000000
00000FD4: 00000000
00000FD6: 00000000
00000FD8: 00000000
00000FDA: 00000000
00000FDC: 00000000
00000FDE: 00000000
00000FE0: 00000000
00000FE2: 00000000
00000FE4: 00000000
00000FE6: 00000000
00000FE8: 00000000
00000FEA: 00000000
00000FEC: 00000000
00000FEE: 00000000
00000FF0: 00000000
00000FF2: 00000000
00000FF4: 00000000
00000FF6: 00000000
00000FF8: 00000000
00000FFA: 00000000
00000FFC: 00000000
00000FFE: BECC0000
00001000: BF02BECC
00001002: 3F77BF02
00001004: BEA03F77
00001006: 3DE3BEA0
00001008: 3F413DE3
0000100A: BF1C3F41
0000100C: 3F08BF1C
0000100E: BDD13F08
00001010: 3EBFBDD1
00001012: 3E553EBF
00001014: BE8F3E55
00001016: 3AD9BE8F
00001018: BE503AD9
0000101A: BDB2BE50
0000101C: 3E7DBDB2
0000101E: BCBC3E7D
00001020: BDC1BCBC
00001022: BEDBBDC1
00001024: 3E37BEDB
00001026: BE833E37
00001028: 3E74BE83
0000102A: BD893E74
0000102C: 3EDCBD89
0000102E: BDCF3EDC
00001030: BE71BDCF
00001032: 3DEEBE71
00001034: BEFA3DEE
00001036: 3DFBBEFA
00001038: 3D993DFB
0000103A: 3D9C3D99
0000103C: 3DD23D9C
0000103E: BEF93DD2
00001040: BE33BEF9
00001042: BE58BE33
00001044: 3F19BE58
00001046: 3D683F19
00001048: 3E403D68
0000104A: BF203E40
0000104C: BE57BF20
0000104E: BF16BE57
00001050: BEB6BF16
00001052: 3EBABEB6
00001054: BFB93EBA
00001056: 3E29BFB9
00001058: 3DC13E29
0000105A: 3DB53DC1
0000105C: BF123DB5
0000105E: 3EE0BF12
00001060: 3B863EE0
00001062: BF2B3B86
00001064: 3EA5BF2B
00001066: BE893EA5
00001068: 3F07BE89
0000106A: BF133F07
0000106C: 3F2CBF13
0000106E: 3EA43F2C
00001070: 3D063EA4
00001072: 3E953D06
00001074: 3F893E95
00001076: 3F513F89
00001078: 3DB43F51
0000107A: 3E153DB4
0000107C: 3E753E15
0000107E: BDB63E75
00001080: 3E90BDB6
00001082: 3E693E90
00001084: 3D983E69
00001086: 3EE73D98
00001088: BE873EE7
0000108A: BDD5BE87
0000108C: 3F59BDD5
0000108E: 3F383F59
00001090: BE313F38
00001092: 3EC3BE31
00001094: BF2C3EC3
00001096: 3E42BF2C
00001098: 3E8C3E42
0000109A: 3F2A3E8C
0000109C: BF053F2A
0000109E: BE3CBF05
000010A0: BF59BE3C
000010A2: BF10BF59
000010A4: 3FC3BF10
000010A6: 3FB63FC3
000010A8: BF973FB6
000010AA: 3F3CBF97
000010AC: BEEF3F3C
000010AE: BF65BEEF
000010B0: BE91BF65
000010B2: BF49BE91
000010B4: 3DE5BF49
000010B6: 3E0C3DE5
000010B8: BEB23E0C
000010BA: BDCDBEB2
000010BC: 3F0DBDCD
000010BE: 3D263F0D
000010C0: BD443D26
000010C2: BE8DBD44
000010C4: 3D66BE8D
000010C6: BF443D66
000010C8: BE9DBF44
000010CA: 3E6CBE9D
000010CC: 3ED53E6C
000010CE: 3E9C3ED5
000010D0: 3F7E3E9C
000010D2: 3F2A3F7E
000010D4: BF093F2A
000010D6: BE72BF09
000010D8: BED0BE72
000010DA: 3F8EBED0
000010DC: 3EB63F8E
000010DE: 3E293EB6
000010E0: BF393E29
000010E2: BD88BF39
000010E4: BF0BBD88
000010E6: BEF1BF0B
000010E8: 3D22BEF1
000010EA: BF123D22
000010EC: BF12BF12
000010EE: BE94BF12
000010F0: 3EA8BE94
000010F2: BF0B3EA8
000010F4: 3D49BF0B
000010F6: BF213D49
000010F8: BE20BF21
000010FA: BD75BE20
000010FC: 3F11BD75
000010FE: BDF33F11
00001100: BECABDF3
00001102: BE84BECA
00001104: 3DAFBE84
00001106: BF343DAF
00001108: BF22BF34
0000110A: BDE0BF22
0000110C: 3E07BDE0
0000110E: BECC3E07
00001110: BE54BECC
00001112: BEA8BE54
00001114: BEC9BEA8
00001116: 3E8FBEC9
00001118: BF083E8F
0000111A: 3E74BF08
0000111C: 3F343E74
0000111E: BF0D3F34
00001120: 3D1DBF0D
00001122: 3ED93D1D
00001124: 3F483ED9
00001126: BFF43F48
00001128: 3E3FBFF4
0000112A: BD913E3F
0000112C: 3F4BBD91
0000112E: BEAD3F4B
00001130: BB99BEAD
00001132: 3E8BBB99
00001134: 3EC33E8B
00001136: BF9A3EC3
00001138: 3F88BF9A
0000113A: 3DA33F88
0000113C: 3F163DA3
0000113E: 3EE53F16
00001140: BE653EE5
00001142: 3F0CBE65
00001144: 3F393F0C
00001146: BF0F3F39
00001148: 3E8FBF0F
0000114A: BEB83E8F
0000114C: BED9BEB8
0000114E: BF61BED9
00001150: BFA9BF61
00001152: BF81BFA9
00001154: BEA5BF81
00001156: 3D95BEA5
00001158: 3F433D95
0000115A: 3E4D3F43
0000115C: 3F193E4D
0000115E: BE713F19
00001160: BE84BE71
00001162: BE87BE84
00001164: 3F2ABE87
00001166: BCD53F2A
00001168: 3F21BCD5
0000116A: 3F2A3F21
0000116C: 3EDA3F2A
0000116E: 3DB43EDA
00001170: 3F823DB4
00001172: 3F2C3F82
00001174: 3E933F2C
00001176: BEB03E93
00001178: 3F3FBEB0
0000117A: 3E3B3F3F
0000117C: BED03E3B
0000117E: 3F15BED0
00001180: BF643F15
00001182: 3EC4BF64
00001184: BF0F3EC4
00001186: BEEEBF0F
00001188: BFC8BEEE
0000118A: 3F25BFC8
0000118C: BF813F25
0000118E: BE30BF81
00001190: 3F54BE30
00001192: BF803F54
00001194: 3EA2BF80
00001196: 3F923EA2
00001198: BDA13F92
0000119A: BD7ABDA1
0000119C: 3F8EBD7A
0000119E: 3E153F8E
000011A0: 3F3F3E15
000011A2: BE943F3F
000011A4: BF43BE94
000011A6: 3F0FBF43
000011A8: BF593F0F
000011AA: 3F5BBF59
000011AC: 3E2E3F5B
000011AE: 3E453E2E
000011B0: 3E853E45
000011B2: 3E1F3E85
000011B4: 3E373E1F
000011B6: BF853E37
000011B8: 3DC7BF85
000011BA: 3CD03DC7
000011BC: BEA03CD0
000011BE: 3FAEBEA0
000011C0: BF593FAE
000011C2: 3E65BF59
000011C4: BEB33E65
000011C6: BE5FBEB3
000011C8: C003BE5F
000011CA: 3D5DC003
000011CC: BEA93D5D
000011CE: BF10BEA9
000011D0: 3EEEBF10
000011D2: 3F663EEE
000011D4: 3F1D3F66
000011D6: BE3B3F1D
000011D8: BD61BE3B
000011DA: BEF7BD61
000011DC: BF35BEF7
000011DE: BD97BF35
000011E0: BE3DBD97
000011E2: 3EFFBE3D
000011E4: BE783EFF
000011E6: 3FC2BE78
000011E8: BEF13FC2
000011EA: 3E4CBEF1
000011EC: BE483E4C
000011EE: 3E63BE48
000011F0: BEE63E63
000011F2: BEFDBEE6
000011F4: 3EA7BEFD
000011F6: BF783EA7
000011F8: 3F3BBF78
000011FA: 3F113F3B
000011FC: BF033F11
000011FE: 3F07BF03
00001200: 3DDB3F07
00001202: 3F193DDB
00001204: 3E033F19
00001206: 3F843E03
00001208: BEFF3F84
0000120A: 3F29BEFF
0000120C: 3F613F29
0000120E: 3E493F61
00001210: 3E253E49
00001212: BE703E25
00001214: 3F15BE70
00001216: BE313F15
00001218: 3E6EBE31
0000121A: 3F313E6E
0000121C: 3E0D3F31
0000121E: BF083E0D
00001220: BE5CBF08
00001222: 3F1EBE5C
00001224: 3D9B3F1E
00001226: 3F373D9B
00001228: 3ED43F37
0000122A: 3EC73ED4
0000122C: 3EA03EC7
0000122E: 3FE23EA0
00001230: 3E533FE2
00001232: BE803E53
00001234: 3F2ABE80
00001236: BF283F2A
00001238: 3E2EBF28
0000123A: 3F873E2E
0000123C: 3E263F87
0000123E: 3E733E26
00001240: 3E943E73
00001242: 3F1B3E94
00001244: 3EF53F1B
00001246: 3EF93EF5
00001248: 3ECD3EF9
0000124A: 3F293ECD
0000124C: 3E813F29
0000124E: BF383E81
00001250: 3D15BF38
00001252: BF1B3D15
00001254: 3ECCBF1B
00001256: BEEC3ECC
00001258: 3D05BEEC
0000125A: 3DBF3D05
0000125C: 3F753DBF
0000125E: BF193F75
00001260: 3B3FBF19
00001262: 3F1A3B3F
00001264: BEFA3F1A
00001266: 3E77BEFA
00001268: BDA13E77
0000126A: 3BD9BDA1
0000126C: 3F893BD9
0000126E: BE4E3F89
00001270: 3F10BE4E
00001272: BD943F10
00001274: 3E74BD94
00001276: BE093E74
00001278: BF3FBE09
0000127A: BDA4BF3F
0000127C: 3C70BDA4
0000127E: 3EA23C70
00001280: 3E293EA2
00001282: 3F1D3E29
00001284: 3DFA3F1D
00001286: B9B13DFA
00001288: BF4FB9B1
0000128A: BC70BF4F
0000128C: BEA4BC70
0000128E: BDA8BEA4
00001290: BE37BDA8
00001292: BE5CBE37
00001294: BF74BE5C
00001296: BF11BF74
00001298: BF08BF11
0000129A: BF45BF08
0000129C: 3F0DBF45
0000129E: BF063F0D
000012A0: BEB5BF06
000012A2: 3E40BEB5
000012A4: BEB93E40
000012A6: BECFBEB9
000012A8: 3E84BECF
000012AA: BF663E84
000012AC: 3F69BF66
000012AE: 3EE63F69
000012B0: 3F143EE6
000012B2: BEB73F14
000012B4: BE93BEB7
000012B6: 3EB6BE93
000012B8: BE443EB6
000012BA: BE4CBE44
000012BC: BECBBE4C
000012BE: BDC5BECB
000012C0: BB4DBDC5
000012C2: 3E03BB4D
000012C4: 3D803E03
000012C6: 3F463D80
000012C8: BF5F3F46
000012CA: 3F3ABF5F
000012CC: BF353F3A
000012CE: 3E76BF35
000012D0: BE6A3E76
000012D2: 3E55BE6A
000012D4: BEA03E55
000012D6: BEDBBEA0
000012D8: 3E04BEDB
000012DA: 3DF73E04
000012DC: 3F883DF7
000012DE: BF583F88
000012E0: BCCFBF58
000012E2: BF04BCCF
000012E4: 3E13BF04
000012E6: BE9D3E13
000012E8: 3F57BE9D
000012EA: BDB33F57
000012EC: 3F92BDB3
000012EE: 3E603F92
000012F0: 3F2B3E60
000012F2: BD9C3F2B
000012F4: 3F3CBD9C
000012F6: 3E9D3F3C
000012F8: BF013E9D
000012FA: 3DF2BF01
000012FC: 3DA93DF2
000012FE: BDD43DA9
00001300: BE6FBDD4
00001302: BE96BE6F
00001304: BF31BE96
00001306: 3F11BF31
00001308: 3D103F11
0000130A: 3F033D10
0000130C: 3EF43F03
0000130E: BE9E3EF4
00001310: BF48BE9E
00001312: BEE3BF48
00001314: 3CBABEE3
00001316: 3ECC3CBA
00001318: 3EC23ECC
0000131A: 3DBE3EC2
0000131C: 3EB43DBE
0000131E: BF113EB4
00001320: 3EB5BF11
00001322: 3EA43EB5
00001324: 3F4B3EA4
00001326: BE283F4B
00001328: BD92BE28
0000132A: 3E8ABD92
0000132C: 3EEF3E8A
0000132E: BE663EEF
00001330: BE1ABE66
00001332: BC1FBE1A
00001334: 3F0BBC1F
00001336: 3F283F0B
00001338: 3F553F28
0000133A: 3F323F55
0000133C: 3EBC3F32
0000133E: 3EA63EBC
00001340: 3F243EA6
00001342: BC573F24
00001344: 3E8CBC57
00001346: 3E7F3E8C
00001348: 3E3B3E7F
0000134A: 3DC43E3B
0000134C: 3E513DC4
0000134E: 3F313E51
00001350: BEC53F31
00001352: 3DBBBEC5
00001354: 3ECF3DBB
00001356: BEB73ECF
00001358: 3F6BBEB7
0000135A: 3EAD3F6B
0000135C: 3F2C3EAD
0000135E: 3E253F2C
00001360: BED03E25
00001362: 3F7DBED0
00001364: 3F243F7D
00001366: 3C313F24
00001368: 3E593C31
0000136A: BF153E59
0000136C: BF57BF15
0000136E: 3D42BF57
00001370: 3ECC3D42
00001372: BDC03ECC
00001374: 3F0ABDC0
00001376: 3F2F3F0A
00001378: BECE3F2F
0000137A: 3F36BECE
0000137C: BDE73F36
0000137E: BEA9BDE7
00001380: BF30BEA9
00001382: 3DF2BF30
00001384: BF183DF2
00001386: 3F24BF18
00001388: 3EE13F24
0000138A: 3E633EE1
0000138C: BF713E63
0000138E: 3E7BBF71
00001390: 3E9C3E7B
00001392: BF1B3E9C
00001394: BD5EBF1B
00001396: BEDABD5E
00001398: 3EA0BEDA
0000139A: 3CEE3EA0
0000139C: BE7B3CEE
0000139E: 3F26BE7B
000013A0: BF8C3F26
000013A2: BDA7BF8C
000013A4: 3F3FBDA7
000013A6: 3F4B3F3F
000013A8: 3FA93F4B
000013AA: BEFD3FA9
000013AC: 3F55BEFD
000013AE: BEB83F55
000013B0: 3F6ABEB8
000013B2: 3E7B3F6A
000013B4: BD873E7B
000013B6: BECEBD87
000013B8: BDF1BECE
000013BA: 3F4CBDF1
000013BC: BFA13F4C
000013BE: BC35BFA1
000013C0: BF32BC35
000013C2: 3F94BF32
000013C4: 3C6B3F94
000013C6: 3F073C6B
000013C8: BF053F07
000013CA: BEAFBF05
000013CC: BEAEBEAF
000013CE: 3F13BEAE
000013D0: 3EF23F13
000013D2: 3ED83EF2
000013D4: 3E993ED8
000013D6: BE8C3E99
000013D8: BE3BBE8C
000013DA: BE89BE3B
000013DC: BF18BE89
000013DE: BDB8BF18
000013E0: 3D59BDB8
000013E2: BDDB3D59
000013E4: 3E23BDDB
000013E6: BE893E23
000013E8: 3EB7BE89
000013EA: BEF83EB7
000013EC: 3F96BEF8
000013EE: 3F0B3F96
000013F0: 3F873F0B
000013F2: BDB13F87
000013F4: 3CB0BDB1
000013F6: BF943CB0
000013F8: BED5BF94
000013FA: 3E63BED5
000013FC: BE493E63
000013FE: 3F2ABE49
00001400: BED73F2A
00001402: 3FA2BED7
00001404: BF243FA2
00001406: 3E93BF24
00001408: 3F373E93
0000140A: BF0F3F37
0000140C: BEF7BF0F
0000140E: BDBDBEF7
00001410: BF5CBDBD
00001412: BDF9BF5C
00001414: BF98BDF9
00001416: 3EF5BF98
00001418: 3E973EF5
0000141A: 39643E97
0000141C: BD623964
0000141E: 3D26BD62
00001420: BF713D26
00001422: 3B15BF71
00001424: 3EC13B15
00001426: BF153EC1
00001428: BEB7BF15
0000142A: BF91BEB7
0000142C: 3E96BF91
0000142E: BF413E96
00001430: 3E33BF41
00001432: 3EF53E33
00001434: 3D923EF5
00001436: 3E093D92
00001438: BF033E09
0000143A: BA82BF03
0000143C: BECEBA82
0000143E: 3F14BECE
00001440: BED63F14
00001442: BE85BED6
00001444: 3F27BE85
00001446: BE853F27
00001448: BF11BE85
0000144A: 3E68BF11
0000144C: 3D753E68
0000144E: BEEE3D75
00001450: BF0CBEEE
00001452: 3DD3BF0C
00001454: BF7F3DD3
00001456: BF86BF7F
00001458: BF68BF86
0000145A: 3FA1BF68
0000145C: 3E083FA1
0000145E: 3F723E08
00001460: BE8E3F72
00001462: BEDFBE8E
00001464: BEB6BEDF
00001466: 3F57BEB6
00001468: 3EFB3F57
0000146A: 3EBA3EFB
0000146C: 3F093EBA
0000146E: 3DDD3F09
00001470: BFD63DDD
00001472: 3E89BFD6
00001474: BF2D3E89
00001476: 3E30BF2D
00001478: 3E7C3E30
0000147A: BEC83E7C
0000147C: BF0FBEC8
0000147E: 3E4EBF0F
00001480: 3E2F3E4E
00001482: BE963E2F
00001484: BF5BBE96
00001486: 3E49BF5B
00001488: 3EA03E49
0000148A: BEE23EA0
0000148C: BE78BEE2
0000148E: BED2BE78
00001490: BDF7BED2
00001492: BED4BDF7
00001494: 3ED2BED4
00001496: 3F0F3ED2
00001498: 3E303F0F
0000149A: 3E8E3E30
0000149C: BF373E8E
0000149E: BF3DBF37
000014A0: 3DB6BF3D
000014A2: 3E2E3DB6
000014A4: BE583E2E
000014A6: 3BCDBE58
000014A8: BE8A3BCD
000014AA: 3FA8BE8A
000014AC: 3F603FA8
000014AE: 3F6C3F60
000014B0: BF1A3F6C
000014B2: BDAABF1A
000014B4: 3CC4BDAA
000014B6: BF063CC4
000014B8: 3E34BF06
000014BA: 3F2E3E34
000014BC: 3EE03F2E
000014BE: 3E883EE0
000014C0: BF553E88
000014C2: 3F1BBF55
000014C4: BEC03F1B
000014C6: BE8CBEC0
000014C8: 3E13BE8C
000014CA: BF1E3E13
000014CC: 3EDABF1E
000014CE: 3E423EDA
000014D0: BE413E42
000014D2: BF81BE41
000014D4: BD0DBF81
000014D6: BCBABD0D
000014D8: BF12BCBA
000014DA: 3EA6BF12
000014DC: BF853EA6
000014DE: BF7FBF85
000014E0: 3CCBBF7F
000014E2: BF9D3CCB
000014E4: BE87BF9D
000014E6: 3F11BE87
000014E8: 3E403F11
000014EA: BEE33E40
000014EC: 3E6DBEE3
000014EE: BEB83E6D
000014F0: BF40BEB8
000014F2: BEA5BF40
000014F4: BEB2BEA5
000014F6: BF24BEB2
000014F8: 3EDCBF24
000014FA: BDF03EDC
000014FC: BE8ABDF0
000014FE: 3F1CBE8A
00001500: BF0B3F1C
00001502: 3F03BF0B
00001504: 3E9C3F03
00001506: BEB63E9C
00001508: 3F41BEB6
0000150A: BF113F41
0000150C: BEC7BF11
0000150E: 3F19BEC7
00001510: 3EA63F19
00001512: BF2E3EA6
00001514: BC92BF2E
00001516: 3EF2BC92
00001518: BF343EF2
0000151A: 3EE2BF34
0000151C: BE123EE2
0000151E: 3EB2BE12
00001520: BD683EB2
00001522: BEC3BD68
00001524: 3ED5BEC3
00001526: 3F103ED5
00001528: 3F473F10
0000152A: BA593F47
0000152C: 3DA1BA59
0000152E: BDB03DA1
00001530: BEE6BDB0
00001532: BDD4BEE6
00001534: 3F34BDD4
00001536: BE5A3F34
00001538: 3DFBBE5A
0000153A: BE683DFB
0000153C: 3EEEBE68
0000153E: BD903EEE
00001540: BECFBD90
00001542: BE9ABECF
00001544: 3EBCBE9A
00001546: BE873EBC
00001548: BE36BE87
0000154A: BF27BE36
0000154C: 3D36BF27
0000154E: 3E633D36
00001550: BF4A3E63
00001552: BED1BF4A
00001554: 3EAABED1
00001556: 3F7B3EAA
00001558: BD253F7B
0000155A: 3EDEBD25
0000155C: 3F303EDE
0000155E: 3E743F30
00001560: 3EF03E74
00001562: BF8A3EF0
00001564: 3ED0BF8A
00001566: 3E213ED0
00001568: BF213E21
0000156A: BEDEBF21
0000156C: BD38BEDE
0000156E: 3F37BD38
00001570: BF893F37
00001572: 3E53BF89
00001574: 3E403E53
00001576: 3F493E40
00001578: 3F793F49
0000157A: BEDC3F79
0000157C: 3F0FBEDC
0000157E: 3DC33F0F
00001580: BE903DC3
00001582: 3E0EBE90
00001584: BE6B3E0E
00001586: BED7BE6B
00001588: BDEDBED7
0000158A: BE0EBDED
0000158C: BEFCBE0E
0000158E: 3E4DBEFC
00001590: BE5E3E4D
00001592: BF05BE5E
00001594: 3EF5BF05
00001596: BD123EF5
00001598: 3F37BD12
0000159A: 3E813F37
0000159C: 3E373E81
0000159E: BE723E37
000015A0: 3F22BE72
000015A2: 3E883F22
000015A4: 3F823E88
000015A6: BC973F82
000015A8: BE65BC97
000015AA: BC33BE65
000015AC: BF4DBC33
000015AE: BE04BF4D
000015B0: 3D97BE04
000015B2: BF173D97
000015B4: 3D34BF17
000015B6: BE8D3D34
000015B8: BEC8BE8D
000015BA: BEF8BEC8
000015BC: 3F3EBEF8
000015BE: BE073F3E
000015C0: BF9EBE07
000015C2: 3D19BF9E
000015C4: BD783D19
000015C6: BF08BD78
000015C8: BE6ABF08
000015CA: 3E70BE6A
000015CC: 3F093E70
000015CE: 3E013F09
000015D0: BDBD3E01
000015D2: BE6ABDBD
000015D4: BDA5BE6A
000015D6: 3E91BDA5
000015D8: 3E103E91
000015DA: 3ED63E10
000015DC: BEC73ED6
000015DE: BF8CBEC7
000015E0: 3F30BF8C
000015E2: BF363F30
000015E4: 3F1BBF36
000015E6: BD893F1B
000015E8: BDBFBD89
000015EA: 3EBABDBF
000015EC: 3ED43EBA
000015EE: BF553ED4
000015F0: 3F35BF55
000015F2: BE813F35
000015F4: BE80BE81
000015F6: BEFCBE80
000015F8: 3F95BEFC
000015FA: 3CCF3F95
000015FC: 3F9A3CCF
000015FE: BEDC3F9A
00001600: BE75BEDC
00001602: BFC2BE75
00001604: 3D9DBFC2
00001606: 3F3F3D9D
00001608: BE3E3F3F
0000160A: 3D6CBE3E
0000160C: 3DBF3D6C
0000160E: 3E513DBF
00001610: 3F143E51
00001612: 3F853F14
00001614: BEBE3F85
00001616: 3D8BBEBE
00001618: BF263D8B
0000161A: 3EE4BF26
0000161C: 3C813EE4
0000161E: BF183C81
00001620: BF05BF18
00001622: BF59BF05
00001624: 3E81BF59
00001626: 3ED73E81
00001628: 3F733ED7
0000162A: 3D993F73
0000162C: 3FC13D99
0000162E: BE1B3FC1
00001630: BEADBE1B
00001632: BF51BEAD
00001634: 3E41BF51
00001636: BF0B3E41
00001638: BE17BF0B
0000163A: BF58BE17
0000163C: 3F1ABF58
0000163E: 3D653F1A
00001640: 3E493D65
00001642: BF043E49
00001644: BE93BF04
00001646: BE32BE93
00001648: 3EB2BE32
0000164A: BCA03EB2
0000164C: BDF1BCA0
0000164E: BF60BDF1
00001650: BF35BF60
00001652: 3F89BF35
00001654: 3C723F89
00001656: 3E6A3C72
00001658: BE013E6A
0000165A: BEA4BE01
0000165C: BE96BEA4
0000165E: 3F3DBE96
00001660: 3EEB3F3D
00001662: BD3A3EEB
00001664: 3E15BD3A
00001666: BF953E15
00001668: 3E3ABF95
0000166A: BF433E3A
0000166C: 3EB3BF43
0000166E: 3F2F3EB3
00001670: BF113F2F
00001672: BE9DBF11
00001674: 3FB2BE9D
00001676: BEE33FB2
00001678: BE5FBEE3
0000167A: BF50BE5F
0000167C: BF97BF50
0000167E: 3EA3BF97
00001680: 3C7C3EA3
00001682: 3E8E3C7C
00001684: 3DF93E8E
00001686: BE123DF9
00001688: BD53BE12
0000168A: BF59BD53
0000168C: BEB1BF59
0000168E: BE8CBEB1
00001690: 3E5FBE8C
00001692: 3F3D3E5F
00001694: BEBC3F3D
00001696: 3E8BBEBC
00001698: BD173E8B
0000169A: BF1BBD17
0000169C: BF26BF1B
0000169E: BEE0BF26
000016A0: 3E18BEE0
000016A2: BED13E18
000016A4: 3E07BED1
000016A6: 3E163E07
000016A8: 3ED03E16
000016AA: BEB23ED0
000016AC: BEB5BEB2
000016AE: 3E2ABEB5
000016B0: BF9B3E2A
000016B2: BC1DBF9B
000016B4: 3F95BC1D
000016B6: 3E983F95
000016B8: 3EAE3E98
000016BA: 3EB13EAE
000016BC: BDCD3EB1
000016BE: 3D59BDCD
000016C0: BEF63D59
000016C2: BF0ABEF6
000016C4: 3D92BF0A
000016C6: BEFA3D92
000016C8: 3E91BEFA
000016CA: BE8E3E91
000016CC: 3E66BE8E
000016CE: 3EF13E66
000016D0: BF793EF1
000016D2: 3F88BF79
000016D4: BF1A3F88
000016D6: BDB6BF1A
000016D8: BF18BDB6
000016DA: 3EBEBF18
000016DC: 3F5B3EBE
000016DE: BEAB3F5B
000016E0: BD96BEAB
000016E2: BF90BD96
000016E4: 3C7FBF90
000016E6: 3F6A3C7F
000016E8: 3E383F6A
000016EA: BEBF3E38
000016EC: BF21BEBF
000016EE: BD3FBF21
000016F0: BF6ABD3F
000016F2: BE82BF6A
000016F4: 3EF1BE82
000016F6: BE423EF1
000016F8: BDAEBE42
000016FA: 3E8CBDAE
000016FC: BDE63E8C
000016FE: 3E98BDE6
00001700: BF353E98
00001702: BF1ABF35
00001704: 3F4CBF1A
00001706: 3E7F3F4C
00001708: 3EA53E7F
0000170A: 3F403EA5
0000170C: BEA23F40
0000170E: 3FB4BEA2
00001710: 3EC83FB4
00001712: BD2D3EC8
00001714: BF81BD2D
00001716: 3DE3BF81
00001718: BEC53DE3
0000171A: 3DCCBEC5
0000171C: 3F073DCC
0000171E: 3DD43F07
00001720: 3F133DD4
00001722: 3EAC3F13
00001724: 3E773EAC
00001726: 3D6C3E77
00001728: BEF23D6C
0000172A: BE56BEF2
0000172C: 3F1CBE56
0000172E: 3D303F1C
00001730: BF3F3D30
00001732: BC94BF3F
00001734: 3E1CBC94
00001736: BF153E1C
00001738: BF82BF15
0000173A: 3F44BF82
0000173C: BEBB3F44
0000173E: 3E8EBEBB
00001740: BEF33E8E
00001742: 3ECABEF3
00001744: 3E273ECA
00001746: 3FC23E27
00001748: 3F793FC2
0000174A: 3F7F3F79
0000174C: 3C2C3F7F
0000174E: 3C3D3C2C
00001750: 3F463C3D
00001752: 3E8B3F46
00001754: BF5B3E8B
00001756: BF22BF5B
00001758: BE4BBF22
0000175A: BE29BE4B
0000175C: 3DF2BE29
0000175E: 3DC33DF2
00001760: BF323DC3
00001762: BF03BF32
00001764: 3E33BF03
00001766: 3EFE3E33
00001768: 3DFE3EFE
0000176A: BEF03DFE
0000176C: 3EB4BEF0
0000176E: 3EAE3EB4
00001770: BE3B3EAE
00001772: 3F00BE3B
00001774: 3F3C3F00
00001776: BF003F3C
00001778: BE8BBF00
0000177A: 3D28BE8B
0000177C: BF7C3D28
0000177E: 3F0ABF7C
00001780: BE903F0A
00001782: 3EABBE90
00001784: BF3B3EAB
00001786: 3D84BF3B
00001788: BE283D84
0000178A: 3EACBE28
0000178C: BF183EAC
0000178E: 3E81BF18
00001790: 3BC33E81
00001792: BEA83BC3
00001794: 3E88BEA8
00001796: 3F0A3E88
00001798: 3E923F0A
0000179A: 3F173E92
0000179C: BE8D3F17
0000179E: 3F67BE8D
000017A0: BEFE3F67
000017A2: BE86BEFE
000017A4: 3E63BE86
000017A6: 3F4D3E63
000017A8: BD943F4D
000017AA: BEC5BD94
000017AC: BF64BEC5
000017AE: 3EBABF64
000017B0: 3EBB3EBA
000017B2: BF293EBB
000017B4: 3DE4BF29
000017B6: BF4E3DE4
000017B8: 3F03BF4E
000017BA: 3E073F03
000017BC: BF7F3E07
000017BE: 3F31BF7F
000017C0: BEAD3F31
000017C2: 3DDBBEAD
000017C4: BF2F3DDB
000017C6: BEC4BF2F
000017C8: BE11BEC4
000017CA: BEC8BE11
000017CC: BE3ABEC8
000017CE: 3E17BE3A
000017D0: 3DF53E17
000017D2: BF1E3DF5
000017D4: BF85BF1E
000017D6: BDA0BF85
000017D8: 3EC6BDA0
000017DA: 3E173EC6
000017DC: BEF33E17
000017DE: 3F71BEF3
000017E0: BE253F71
000017E2: 3FB4BE25
000017E4: BE833FB4
000017E6: 3E36BE83
000017E8: BEC83E36
000017EA: BC93BEC8
000017EC: BDCFBC93
000017EE: 3E63BDCF
000017F0: 3DB23E63
000017F2: BEB33DB2
000017F4: 3F31BEB3
000017F6: BEE63F31
000017F8: BE0FBEE6
000017FA: 3E78BE0F
000017FC: BECE3E78
000017FE: 0000BECE
00002FC0: 00000000
00002FC4: 00000018
00002FD8: B4EA9CFA
00002FDC: 00000020
00002FE0: 00000001
00002FE4: 3FF0001F
00002FE8: 00000001
00002FEC: FFFFFFFF
00002FF0: 00000000
00002FF4: 00002800
00002FF8: 00000800
00002FFC: 0000003C
00003000: 00008000
00003002: 00008000
00003004: 00003F77
00003006: 00008000
00003008: 00003DE3
0000300A: 00003F41
0000300C: 00008000
0000300E: 00003F08
00003010: 00008000
00003012: 00003EBF
00003014: 00003E55
00003016: 00008000
00003018: 00003AD9
0000301A: 00008000
0000301C: 00008000
0000301E: 00003E7D
00003020: 00008000
00003022: 00008000
00003024: 00008000
00003026: 00003E37
00003028: 00008000
0000302A: 00003E74
0000302C: 00008000
0000302E: 00003EDC
00003030: 00008000
00003032: 00008000
00003034: 00003DEE
00003036: 00008000
00003038: 00003DFB
0000303A: 00003D99
0000303C: 00003D9C
0000303E: 00003DD2
00003040: 00008000
00003042: 00008000
00003044: 00008000
00003046: 00003F19
00003048: 00003D68
0000304A: 00003E40
0000304C: 00008000
0000304E: 00008000
00003050: 00008000
00003052: 00008000
00003054: 00003EBA
00003056: 00008000
00003058: 00003E29
0000305A: 00003DC1
0000305C: 00003DB5
0000305E: 00008000
00003060: 00003EE0
00003062: 00003B86
00003064: 00008000
00003066: 00003EA5
00003068: 00008000
0000306A: 00003F07
0000306C: 00008000
0000306E: 00003F2C
00003070: 00003EA4
00003072: 00003D06
00003074: 00003E95
00003076: 00003F89
00003078: 00003F51
0000307A: 00003DB4
0000307C: 00003E15
0000307E: 00003E75
00003080: 00008000
00003082: 00003E90
00003084: 00003E69
00003086: 00003D98
00003088: 00003EE7
0000308A: 00008000
0000308C: 00008000
0000308E: 00003F59
00003090: 00003F38
00003092: 00008000
00003094: 00003EC3
00003096: 00008000
00003098: 00003E42
0000309A: 00003E8C
0000309C: 00003F2A
0000309E: 00008000
000030A0: 00008000
000030A2: 00008000
000030A4: 00008000
000030A6: 00003FC3
000030A8: 00003FB6
000030AA: 00008000
000030AC: 00003F3C
000030AE: 00008000
000030B0: 00008000
000030B2: 00008000
000030B4: 00008000
000030B6: 00003DE5
000030B8: 00003E0C
000030BA: 00008000
000030BC: 00008000
000030BE: 00003F0D
000030C0: 00003D26
000030C2: 00008000
000030C4: 00008000
000030C6: 00003D66
000030C8: 00008000
000030CA: 00008000
000030CC: 00003E6C
000030CE: 00003ED5
000030D0: 00003E9C
000030D2: 00003F7E
000030D4: 00003F2A
000030D6: 00008000
000030D8: 00008000
000030DA: 00008000
000030DC: 00003F8E
000030DE: 00003EB6
000030E0: 00003E29
000030E2: 00008000
000030E4: 00008000
000030E6: 00008000
000030E8: 00008000
000030EA: 00003D22
000030EC: 00008000
000030EE: 00008000
000030F0: 00008000
000030F2: 00003EA8
000030F4: 00008000
000030F6: 00003D49
000030F8: 00008000
000030FA: 00008000
000030FC: 00008000
000030FE: 00003F11
00003100: 00008000
00003102: 00008000
00003104: 00008000
00003106: 00003DAF
00003108: 00008000
0000310A: 00008000
0000310C: 00008000
0000310E: 00003E07
00003110: 00008000
00003112: 00008000
00003114: 00008000
00003116: 00008000
00003118: 00003E8F
0000311A: 00008000
0000311C: 00003E74
0000311E: 00003F34
00003120: 00008000
00003122: 00003D1D
00003124: 00003ED9
00003126: 00003F48
00003128: 00008000
0000312A: 00003E3F
0000312C: 00008000
0000312E: 00003F4B
00003130: 00008000
00003132: 00008000
00003134: 00003E8B
00003136: 00003EC3
00003138: 00008000
0000313A: 00003F88
0000313C: 00003DA3
0000313E: 00003F16
00003140: 00003EE5
00003142: 00008000
00003144: 00003F0C
00003146: 00003F39
00003148: 00008000
0000314A: 00003E8F
0000314C: 00008000
0000314E: 00008000
00003150: 00008000
00003152: 00008000
00003154: 00008000
00003156: 00008000
00003158: 00003D95
0000315A: 00003F43
0000315C: 00003E4D
0000315E: 00003F19
00003160: 00008000
00003162: 00008000
00003164: 00008000
00003166: 00003F2A
00003168: 00008000
0000316A: 00003F21
0000316C: 00003F2A
0000316E: 00003EDA
00003170: 00003DB4
00003172: 00003F82
00003174: 00003F2C
00003176: 00003E93
00003178: 00008000
0000317A: 00003F3F
0000317C: 00003E3B
0000317E: 00008000
00003180: 00003F15
00003182: 00008000
00003184: 00003EC4
00003186: 00008000
00003188: 00008000
0000318A: 00008000
0000318C: 00003F25
0000318E: 00008000
00003190: 00008000
00003192: 00003F54
00003194: 00008000
00003196: 00003EA2
00003198: 00003F92
0000319A: 00008000
0000319C: 00008000
0000319E: 00003F8E
000031A0: 00003E15
000031A2: 00003F3F
000031A4: 00008000
000031A6: 00008000
000031A8: 00003F0F
000031AA: 00008000
000031AC: 00003F5B
000031AE: 00003E2E
000031B0: 00003E45
000031B2: 00003E85
000031B4: 00003E1F
000031B6: 00003E37
000031B8: 00008000
000031BA: 00003DC7
000031BC: 00003CD0
000031BE: 00008000
000031C0: 00003FAE
000031C2: 00008000
000031C4: 00003E65
000031C6: 00008000
000031C8: 00008000
000031CA: 00008000
000031CC: 00003D5D
000031CE: 00008000
000031D0: 00008000
000031D2: 00003EEE
000031D4: 00003F66
000031D6: 00003F1D
000031D8: 00008000
000031DA: 00008000
000031DC: 00008000
000031DE: 00008000
000031E0: 00008000
000031E2: 00008000
000031E4: 00003EFF
000031E6: 00008000
000031E8: 00003FC2
000031EA: 00008000
000031EC: 00003E4C
000031EE: 00008000
000031F0: 00003E63
000031F2: 00008000
000031F4: 00008000
000031F6: 00003EA7
000031F8: 00008000
000031FA: 00003F3B
000031FC: 00003F11
000031FE: 00008000
00003200: 00003F07
00003202: 00003DDB
00003204: 00003F19
00003206: 00003E03
00003208: 00003F84
0000320A: 00008000
0000320C: 00003F29
0000320E: 00003F61
00003210: 00003E49
00003212: 00003E25
00003214: 00008000
00003216: 00003F15
00003218: 00008000
0000321A: 00003E6E
0000321C: 00003F31
0000321E: 00003E0D
00003220: 00008000
00003222: 00008000
00003224: 00003F1E
00003226: 00003D9B
00003228: 00003F37
0000322A: 00003ED4
0000322C: 00003EC7
0000322E: 00003EA0
00003230: 00003FE2
00003232: 00003E53
00003234: 00008000
00003236: 00003F2A
00003238: 00008000
0000323A: 00003E2E
0000323C: 00003F87
0000323E: 00003E26
00003240: 00003E73
00003242: 00003E94
00003244: 00003F1B
00003246: 00003EF5
00003248: 00003EF9
0000324A: 00003ECD
0000324C: 00003F29
0000324E: 00003E81
00003250: 00008000
00003252: 00003D15
00003254: 00008000
00003256: 00003ECC
00003258: 00008000
0000325A: 00003D05
0000325C: 00003DBF
0000325E: 00003F75
00003260: 00008000
00003262: 00003B3F
00003264: 00003F1A
00003266: 00008000
00003268: 00003E77
0000326A: 00008000
0000326C: 00003BD9
0000326E: 00003F89
00003270: 00008000
00003272: 00003F10
00003274: 00008000
00003276: 00003E74
00003278: 00008000
0000327A: 00008000
0000327C: 00008000
0000327E: 00003C70
00003280: 00003EA2
00003282: 00003E29
00003284: 00003F1D
00003286: 00003DFA
00003288: 00008000
0000328A: 00008000
0000328C: 00008000
0000328E: 00008000
00003290: 00008000
00003292: 00008000
00003294: 00008000
00003296: 00008000
00003298: 00008000
0000329A: 00008000
0000329C: 00008000
0000329E: 00003F0D
000032A0: 00008000
000032A2: 00008000
000032A4: 00003E40
000032A6: 00008000
000032A8: 00008000
000032AA: 00003E84
000032AC: 00008000
000032AE: 00003F69
000032B0: 00003EE6
000032B2: 00003F14
000032B4: 00008000
000032B6: 00008000
000032B8: 00003EB6
000032BA: 00008000
000032BC: 00008000
000032BE: 00008000
000032C0: 00008000
000032C2: 00008000
000032C4: 00003E03
000032C6: 00003D80
000032C8: 00003F46
000032CA: 00008000
000032CC: 00003F3A
000032CE: 00008000
000032D0: 00003E76
000032D2: 00008000
000032D4: 00003E55
000032D6: 00008000
000032D8: 00008000
000032DA: 00003E04
000032DC: 00003DF7
000032DE: 00003F88
000032E0: 00008000
000032E2: 00008000
000032E4: 00008000
000032E6: 00003E13
000032E8: 00008000
000032EA: 00003F57
000032EC: 00008000
000032EE: 00003F92
000032F0: 00003E60
000032F2: 00003F2B
000032F4: 00008000
000032F6: 00003F3C
000032F8: 00003E9D
000032FA: 00008000
000032FC: 00003DF2
000032FE: 00003DA9
00003300: 00008000
00003302: 00008000
00003304: 00008000
00003306: 00008000
00003308: 00003F11
0000330A: 00003D10
0000330C: 00003F03
0000330E: 00003EF4
00003310: 00008000
00003312: 00008000
00003314: 00008000
00003316: 00003CBA
00003318: 00003ECC
0000331A: 00003EC2
0000331C: 00003DBE
0000331E: 00003EB4
00003320: 00008000
00003322: 00003EB5
00003324: 00003EA4
00003326: 00003F4B
00003328: 00008000
0000332A: 00008000
0000332C: 00003E8A
0000332E: 00003EEF
00003330: 00008000
00003332: 00008000
00003334: 00008000
00003336: 00003F0B
00003338: 00003F28
0000333A: 00003F55
0000333C: 00003F32
0000333E: 00003EBC
00003340: 00003EA6
00003342: 00003F24
00003344: 00008000
00003346: 00003E8C
00003348: 00003E7F
0000334A: 00003E3B
0000334C: 00003DC4
0000334E: 00003E51
00003350: 00003F31
00003352: 00008000
00003354: 00003DBB
00003356: 00003ECF
00003358: 00008000
0000335A: 00003F6B
0000335C: 00003EAD
0000335E: 00003F2C
00003360: 00003E25
00003362: 00008000
00003364: 00003F7D
00003366: 00003F24
00003368: 00003C31
0000336A: 00003E59
0000336C: 00008000
0000336E: 00008000
00003370: 00003D42
00003372: 00003ECC
00003374: 00008000
00003376: 00003F0A
00003378: 00003F2F
0000337A: 00008000
0000337C: 00003F36
0000337E: 00008000
00003380: 00008000
00003382: 00008000
00003384: 00003DF2
00003386: 00008000
00003388: 00003F24
0000338A: 00003EE1
0000338C: 00003E63
0000338E: 00008000
00003390: 00003E7B
00003392: 00003E9C
00003394: 00008000
00003396: 00008000
00003398: 00008000
0000339A: 00003EA0
0000339C: 00003CEE
0000339E: 00008000
000033A0: 00003F26
000033A2: 00008000
000033A4: 00008000
000033A6: 00003F3F
000033A8: 00003F4B
000033AA: 00003FA9
000033AC: 00008000
000033AE: 00003F55
000033B0: 00008000
000033B2: 00003F6A
000033B4: 00003E7B
000033B6: 00008000
000033B8: 00008000
000033BA: 00008000
000033BC: 00003F4C
000033BE: 00008000
000033C0: 00008000
000033C2: 00008000
000033C4: 00003F94
000033C6: 00003C6B
000033C8: 00003F07
000033CA: 00008000
000033CC: 00008000
000033CE: 00008000
000033D0: 00003F13
000033D2: 00003EF2
000033D4: 00003ED8
000033D6: 00003E99
000033D8: 00008000
000033DA: 00008000
000033DC: 00008000
000033DE: 00008000
000033E0: 00008000
000033E2: 00003D59
000033E4: 00008000
000033E6: 00003E23
000033E8: 00008000
000033EA: 00003EB7
000033EC: 00008000
000033EE: 00003F96
000033F0: 00003F0B
000033F2: 00003F87
000033F4: 00008000
000033F6: 00003CB0
000033F8: 00008000
000033FA: 00008000
000033FC: 00003E63
000033FE: 00008000
00003400: 00003F2A
00003402: 00008000
00003404: 00003FA2
00003406: 00008000
00003408: 00003E93
0000340A: 00003F37
0000340C: 00008000
0000340E: 00008000
00003410: 00008000
00003412: 00008000
00003414: 00008000
00003416: 00008000
00003418: 00003EF5
0000341A: 00003E97
0000341C: 00003964
0000341E: 00008000
00003420: 00003D26
00003422: 00008000
00003424: 00003B15
00003426: 00003EC1
00003428: 00008000
0000342A: 00008000
0000342C: 00008000
0000342E: 00003E96
00003430: 00008000
00003432: 00003E33
00003434: 00003EF5
00003436: 00003D92
00003438: 00003E09
0000343A: 00008000
0000343C: 00008000
0000343E: 00008000
00003440: 00003F14
00003442: 00008000
00003444: 00008000
00003446: 00003F27
00003448: 00008000
0000344A: 00008000
0000344C: 00003E68
0000344E: 00003D75
00003450: 00008000
00003452: 00008000
00003454: 00003DD3
00003456: 00008000
00003458: 00008000
0000345A: 00008000
0000345C: 00003FA1
0000345E: 00003E08
00003460: 00003F72
00003462: 00008000
00003464: 00008000
00003466: 00008000
00003468: 00003F57
0000346A: 00003EFB
0000346C: 00003EBA
0000346E: 00003F09
00003470: 00003DDD
00003472: 00008000
00003474: 00003E89
00003476: 00008000
00003478: 00003E30
0000347A: 00003E7C
0000347C: 00008000
0000347E: 00008000
00003480: 00003E4E
00003482: 00003E2F
00003484: 00008000
00003486: 00008000
00003488: 00003E49
0000348A: 00003EA0
0000348C: 00008000
0000348E: 00008000
00003490: 00008000
00003492: 00008000
00003494: 00008000
00003496: 00003ED2
00003498: 00003F0F
0000349A: 00003E30
0000349C: 00003E8E
0000349E: 00008000
000034A0: 00008000
000034A2: 00003DB6
000034A4: 00003E2E
000034A6: 00008000
000034A8: 00003BCD
000034AA: 00008000
000034AC: 00003FA8
000034AE: 00003F60
000034B0: 00003F6C
000034B2: 00008000
000034B4: 00008000
000034B6: 00003CC4
000034B8: 00008000
000034BA: 00003E34
000034BC: 00003F2E
000034BE: 00003EE0
000034C0: 00003E88
000034C2: 00008000
000034C4: 00003F1B
000034C6: 00008000
000034C8: 00008000
000034CA: 00003E13
000034CC: 00008000
000034CE: 00003EDA
000034D0: 00003E42
000034D2: 00008000
000034D4: 00008000
000034D6: 00008000
000034D8: 00008000
000034DA: 00008000
000034DC: 00003EA6
000034DE: 00008000
000034E0: 00008000
000034E2: 00003CCB
000034E4: 00008000
000034E6: 00008000
000034E8: 00003F11
000034EA: 00003E40
000034EC: 00008000
000034EE: 00003E6D
000034F0: 00008000
000034F2: 00008000
000034F4: 00008000
000034F6: 00008000
000034F8: 00008000
000034FA: 00003EDC
000034FC: 00008000
000034FE: 00008000
00003500: 00003F1C
00003502: 00008000
00003504: 00003F03
00003506: 00003E9C
00003508: 00008000
0000350A: 00003F41
0000350C: 00008000
0000350E: 00008000
00003510: 00003F19
00003512: 00003EA6
00003514: 00008000
00003516: 00008000
00003518: 00003EF2
0000351A: 00008000
0000351C: 00003EE2
0000351E: 00008000
00003520: 00003EB2
00003522: 00008000
00003524: 00008000
00003526: 00003ED5
00003528: 00003F10
0000352A: 00003F47
0000352C: 00008000
0000352E: 00003DA1
00003530: 00008000
00003532: 00008000
00003534: 00008000
00003536: 00003F34
00003538: 00008000
0000353A: 00003DFB
0000353C: 00008000
0000353E: 00003EEE
00003540: 00008000
00003542: 00008000
00003544: 00008000
00003546: 00003EBC
00003548: 00008000
0000354A: 00008000
0000354C: 00008000
0000354E: 00003D36
00003550: 00003E63
00003552: 00008000
00003554: 00008000
00003556: 00003EAA
00003558: 00003F7B
0000355A: 00008000
0000355C: 00003EDE
0000355E: 00003F30
00003560: 00003E74
00003562: 00003EF0
00003564: 00008000
00003566: 00003ED0
00003568: 00003E21
0000356A: 00008000
0000356C: 00008000
0000356E: 00008000
00003570: 00003F37
00003572: 00008000
00003574: 00003E53
00003576: 00003E40
00003578: 00003F49
0000357A: 00003F79
0000357C: 00008000
0000357E: 00003F0F
00003580: 00003DC3
00003582: 00008000
00003584: 00003E0E
00003586: 00008000
00003588: 00008000
0000358A: 00008000
0000358C: 00008000
0000358E: 00008000
00003590: 00003E4D
00003592: 00008000
00003594: 00008000
00003596: 00003EF5
00003598: 00008000
0000359A: 00003F37
0000359C: 00003E81
0000359E: 00003E37
000035A0: 00008000
000035A2: 00003F22
000035A4: 00003E88
000035A6: 00003F82
000035A8: 00008000
000035AA: 00008000
000035AC: 00008000
000035AE: 00008000
000035B0: 00008000
000035B2: 00003D97
000035B4: 00008000
000035B6: 00003D34
000035B8: 00008000
000035BA: 00008000
000035BC: 00008000
000035BE: 00003F3E
000035C0: 00008000
000035C2: 00008000
000035C4: 00003D19
000035C6: 00008000
000035C8: 00008000
000035CA: 00008000
000035CC: 00003E70
000035CE: 00003F09
000035D0: 00003E01
000035D2: 00008000
000035D4: 00008000
000035D6: 00008000
000035D8: 00003E91
000035DA: 00003E10
000035DC: 00003ED6
000035DE: 00008000
000035E0: 00008000
000035E2: 00003F30
000035E4: 00008000
000035E6: 00003F1B
000035E8: 00008000
000035EA: 00008000
000035EC: 00003EBA
000035EE: 00003ED4
000035F0: 00008000
000035F2: 00003F35
000035F4: 00008000
000035F6: 00008000
000035F8: 00008000
000035FA: 00003F95
000035FC: 00003CCF
000035FE: 00003F9A
00003600: 00008000
00003602: 00008000
00003604: 00008000
00003606: 00003D9D
00003608: 00003F3F
0000360A: 00008000
0000360C: 00003D6C
0000360E: 00003DBF
00003610: 00003E51
00003612: 00003F14
00003614: 00003F85
00003616: 00008000
00003618: 00003D8B
0000361A: 00008000
0000361C: 00003EE4
0000361E: 00003C81
00003620: 00008000
00003622: 00008000
00003624: 00008000
00003626: 00003E81
00003628: 00003ED7
0000362A: 00003F73
0000362C: 00003D99
0000362E: 00003FC1
00003630: 00008000
00003632: 00008000
00003634: 00008000
00003636: 00003E41
00003638: 00008000
0000363A: 00008000
0000363C: 00008000
0000363E: 00003F1A
00003640: 00003D65
00003642: 00003E49
00003644: 00008000
00003646: 00008000
00003648: 00008000
0000364A: 00003EB2
0000364C: 00008000
0000364E: 00008000
00003650: 00008000
00003652: 00008000
00003654: 00003F89
00003656: 00003C72
00003658: 00003E6A
0000365A: 00008000
0000365C: 00008000
0000365E: 00008000
00003660: 00003F3D
00003662: 00003EEB
00003664: 00008000
00003666: 00003E15
00003668: 00008000
0000366A: 00003E3A
0000366C: 00008000
0000366E: 00003EB3
00003670: 00003F2F
00003672: 00008000
00003674: 00008000
00003676: 00003FB2
00003678: 00008000
0000367A: 00008000
0000367C: 00008000
0000367E: 00008000
00003680: 00003EA3
00003682: 00003C7C
00003684: 00003E8E
00003686: 00003DF9
00003688: 00008000
0000368A: 00008000
0000368C: 00008000
0000368E: 00008000
00003690: 00008000
00003692: 00003E5F
00003694: 00003F3D
00003696: 00008000
00003698: 00003E8B
0000369A: 00008000
0000369C: 00008000
0000369E: 00008000
000036A0: 00008000
000036A2: 00003E18
000036A4: 00008000
000036A6: 00003E07
000036A8: 00003E16
000036AA: 00003ED0
000036AC: 00008000
000036AE: 00008000
000036B0: 00003E2A
000036B2: 00008000
000036B4: 00008000
000036B6: 00003F95
000036B8: 00003E98
000036BA: 00003EAE
000036BC: 00003EB1
000036BE: 00008000
000036C0: 00003D59
000036C2: 00008000
000036C4: 00008000
000036C6: 00003D92
000036C8: 00008000
000036CA: 00003E91
000036CC: 00008000
000036CE: 00003E66
000036D0: 00003EF1
000036D2: 00008000
000036D4: 00003F88
000036D6: 00008000
000036D8: 00008000
000036DA: 00008000
000036DC: 00003EBE
000036DE: 00003F5B
000036E0: 00008000
000036E2: 00008000
000036E4: 00008000
000036E6: 00003C7F
000036E8: 00003F6A
000036EA: 00003E38
000036EC: 00008000
000036EE: 00008000
000036F0: 00008000
000036F2: 00008000
000036F4: 00008000
000036F6: 00003EF1
000036F8: 00008000
000036FA: 00008000
000036FC: 00003E8C
000036FE: 00008000
00003700: 00003E98
00003702: 00008000
00003704: 00008000
00003706: 00003F4C
00003708: 00003E7F
0000370A: 00003EA5
0000370C: 00003F40
0000370E: 00008000
00003710: 00003FB4
00003712: 00003EC8
00003714: 00008000
00003716: 00008000
00003718: 00003DE3
0000371A: 00008000
0000371C: 00003DCC
0000371E: 00003F07
00003720: 00003DD4
00003722: 00003F13
00003724: 00003EAC
00003726: 00003E77
00003728: 00003D6C
0000372A: 00008000
0000372C: 00008000
0000372E: 00003F1C
00003730: 00003D30
00003732: 00008000
00003734: 00008000
00003736: 00003E1C
00003738: 00008000
0000373A: 00008000
0000373C: 00003F44
0000373E: 00008000
00003740: 00003E8E
00003742: 00008000
00003744: 00003ECA
00003746: 00003E27
00003748: 00003FC2
0000374A: 00003F79
0000374C: 00003F7F
0000374E: 00003C2C
00003750: 00003C3D
00003752: 00003F46
00003754: 00003E8B
00003756: 00008000
00003758: 00008000
0000375A: 00008000
0000375C: 00008000
0000375E: 00003DF2
00003760: 00003DC3
00003762: 00008000
00003764: 00008000
00003766: 00003E33
00003768: 00003EFE
0000376A: 00003DFE
0000376C: 00008000
0000376E: 00003EB4
00003770: 00003EAE
00003772: 00008000
00003774: 00003F00
00003776: 00003F3C
00003778: 00008000
0000377A: 00008000
0000377C: 00003D28
0000377E: 00008000
00003780: 00003F0A
00003782: 00008000
00003784: 00003EAB
00003786: 00008000
00003788: 00003D84
0000378A: 00008000
0000378C: 00003EAC
0000378E: 00008000
00003790: 00003E81
00003792: 00003BC3
00003794: 00008000
00003796: 00003E88
00003798: 00003F0A
0000379A: 00003E92
0000379C: 00003F17
0000379E: 00008000
000037A0: 00003F67
000037A2: 00008000
000037A4: 00008000
000037A6: 00003E63
000037A8: 00003F4D
000037AA: 00008000
000037AC: 00008000
000037AE: 00008000
000037B0: 00003EBA
000037B2: 00003EBB
000037B4: 00008000
000037B6: 00003DE4
000037B8: 00008000
000037BA: 00003F03
000037BC: 00003E07
000037BE: 00008000
000037C0: 00003F31
000037C2: 00008000
000037C4: 00003DDB
000037C6: 00008000
000037C8: 00008000
000037CA: 00008000
000037CC: 00008000
000037CE: 00008000
000037D0: 00003E17
000037D2: 00003DF5
000037D4: 00008000
000037D6: 00008000
000037D8: 00008000
000037DA: 00003EC6
000037DC: 00003E17
000037DE: 00008000
000037E0: 00003F71
000037E2: 00008000
000037E4: 00003FB4
000037E6: 00008000
000037E8: 00003E36
000037EA: 00008000
000037EC: 00008000
000037EE: 00008000
000037F0: 00003E63
000037F2: 00003DB2
000037F4: 00008000
000037F6: 00003F31
000037F8: 00008000
000037FA: 00008000
000037FC: 00003E78
000037FE: 00008000
