Bank 0: [np.float32(-0.0), np.float32(6.4373016e-05), np.float32(-0.0), np.float32(0.007537842), '', '', '', '', '', '', '', '', '', '', '', '', '', '', '', '', '', '', '', '', '', '', '', '', '', '', '', '']
Bank 1: [np.float32(0.005004883), np.float32(-0.0), np.float32(0.0016708374), np.float32(0.019042969), '', '', '', '', '', '', '', '', '', '', '', '', '', '', '', '', '', '', '', '', '', '', '', '', '', '', '', '']
Bank 2: [np.float32(0.004272461), np.float32(0.0047302246), np.float32(-0.0), np.float32(-0.0), '', '', '', '', '', '', '', '', '', '', '', '', '', '', '', '', '', '', '', '', '', '', '', '', '', '', '', '']
Bank 3: [np.float32(0.015258789), np.float32(0.005340576), np.float32(-0.0), np.float32(0.033691406), '', '', '', '', '', '', '', '', '', '', '', '', '', '', '', '', '', '', '', '', '', '', '', '', '', '', '', '']
Bank 4: [np.float32(0.0019226074), np.float32(-0.0), np.float32(0.01184082), np.float32(-0.0), '', '', '', '', '', '', '', '', '', '', '', '', '', '', '', '', '', '', '', '', '', '', '', '', '', '', '', '']
Bank 5: [np.float32(0.009521484), np.float32(-0.0), np.float32(-0.0), np.float32(0.0010681152), '', '', '', '', '', '', '', '', '', '', '', '', '', '', '', '', '', '', '', '', '', '', '', '', '', '', '', '']
Bank 6: [np.float32(-0.0), np.float32(-0.0), np.float32(-0.0), np.float32(-0.0), '', '', '', '', '', '', '', '', '', '', '', '', '', '', '', '', '', '', '', '', '', '', '', '', '', '', '', '']
Bank 7: [np.float32(0.021240234), np.float32(0.007873535), np.float32(-0.0), np.float32(0.0020141602), '', '', '', '', '', '', '', '', '', '', '', '', '', '', '', '', '', '', '', '', '', '', '', '', '', '', '', '']
Bank 8: [np.float32(0.0022277832), np.float32(0.0004386902), np.float32(-0.0), np.float32(-0.0), '', '', '', '', '', '', '', '', '', '', '', '', '', '', '', '', '', '', '', '', '', '', '', '', '', '', '', '']
Bank 9: [np.float32(0.0047302246), np.float32(-0.0), np.float32(0.0040893555), np.float32(-0.0), '', '', '', '', '', '', '', '', '', '', '', '', '', '', '', '', '', '', '', '', '', '', '', '', '', '', '', '']
Bank 10: [np.float32(-0.0), np.float32(-0.0), np.float32(-0.0), np.float32(0.007537842), '', '', '', '', '', '', '', '', '', '', '', '', '', '', '', '', '', '', '', '', '', '', '', '', '', '', '', '']
Bank 11: [np.float32(0.0032806396), np.float32(-0.0), np.float32(-0.0), np.float32(-0.0), '', '', '', '', '', '', '', '', '', '', '', '', '', '', '', '', '', '', '', '', '', '', '', '', '', '', '', '']
Bank 12: [np.float32(0.0072021484), np.float32(-0.0), np.float32(-0.0), np.float32(0.001121521), '', '', '', '', '', '', '', '', '', '', '', '', '', '', '', '', '', '', '', '', '', '', '', '', '', '', '', '']
Bank 13: [np.float32(-0.0), np.float32(0.00060272217), np.float32(0.0073547363), np.float32(0.0067749023), '', '', '', '', '', '', '', '', '', '', '', '', '', '', '', '', '', '', '', '', '', '', '', '', '', '', '', '']
Bank 14: [np.float32(-0.0), np.float32(0.0016403198), np.float32(0.00970459), np.float32(-0.0), '', '', '', '', '', '', '', '', '', '', '', '', '', '', '', '', '', '', '', '', '', '', '', '', '', '', '', '']
Bank 15: [np.float32(-0.0), np.float32(0.008239746), np.float32(0.018798828), np.float32(0.015991211), '', '', '', '', '', '', '', '', '', '', '', '', '', '', '', '', '', '', '', '', '', '', '', '', '', '', '', '']
Bank 16: [np.float32(-0.0), np.float32(-0.0), np.float32(6.771088e-05), np.float32(-0.0), '', '', '', '', '', '', '', '', '', '', '', '', '', '', '', '', '', '', '', '', '', '', '', '', '', '', '', '']
Bank 17: [np.float32(0.003112793), np.float32(-0.0), np.float32(0.0015258789), np.float32(0.008300781), '', '', '', '', '', '', '', '', '', '', '', '', '', '', '', '', '', '', '', '', '', '', '', '', '', '', '', '']
Bank 18: [np.float32(-0.0), np.float32(-0.0), np.float32(-0.0), np.float32(0.026367188), '', '', '', '', '', '', '', '', '', '', '', '', '', '', '', '', '', '', '', '', '', '', '', '', '', '', '', '']
Bank 19: [np.float32(0.008178711), np.float32(-0.0), np.float32(0.015197754), np.float32(0.029785156), '', '', '', '', '', '', '', '', '', '', '', '', '', '', '', '', '', '', '', '', '', '', '', '', '', '', '', '']
Bank 20: [np.float32(-0.0), np.float32(-0.0), np.float32(-0.0), np.float32(0.0033569336), '', '', '', '', '', '', '', '', '', '', '', '', '', '', '', '', '', '', '', '', '', '', '', '', '', '', '', '']
Bank 21: [np.float32(0.003768921), np.float32(0.005493164), np.float32(0.004180908), np.float32(-0.0), '', '', '', '', '', '', '', '', '', '', '', '', '', '', '', '', '', '', '', '', '', '', '', '', '', '', '', '']
Bank 22: [np.float32(0.0023651123), np.float32(-0.0), np.float32(-0.0), np.float32(0.0008010864), '', '', '', '', '', '', '', '', '', '', '', '', '', '', '', '', '', '', '', '', '', '', '', '', '', '', '', '']
Bank 23: [np.float32(0.013061523), np.float32(-0.0), np.float32(-0.0), np.float32(-0.0), '', '', '', '', '', '', '', '', '', '', '', '', '', '', '', '', '', '', '', '', '', '', '', '', '', '', '', '']
Bank 24: [np.float32(-0.0), np.float32(-0.0), np.float32(0.0031280518), np.float32(-0.0), '', '', '', '', '', '', '', '', '', '', '', '', '', '', '', '', '', '', '', '', '', '', '', '', '', '', '', '']
Bank 25: [np.float32(0.0046691895), np.float32(-0.0), np.float32(-0.0), np.float32(0.0019989014), '', '', '', '', '', '', '', '', '', '', '', '', '', '', '', '', '', '', '', '', '', '', '', '', '', '', '', '']
Bank 26: [np.float32(-0.0), np.float32(0.0078125), np.float32(0.010131836), np.float32(-0.0), '', '', '', '', '', '', '', '', '', '', '', '', '', '', '', '', '', '', '', '', '', '', '', '', '', '', '', '']
Bank 27: [np.float32(0.011169434), np.float32(-0.0), np.float32(0.0008621216), np.float32(-0.0), '', '', '', '', '', '', '', '', '', '', '', '', '', '', '', '', '', '', '', '', '', '', '', '', '', '', '', '']
Bank 28: [np.float32(-0.0), np.float32(0.0028381348), np.float32(-0.0), np.float32(-0.0), '', '', '', '', '', '', '', '', '', '', '', '', '', '', '', '', '', '', '', '', '', '', '', '', '', '', '', '']
Bank 29: [np.float32(0.0058288574), np.float32(0.009521484), np.float32(-0.0), np.float32(0.002243042), '', '', '', '', '', '', '', '', '', '', '', '', '', '', '', '', '', '', '', '', '', '', '', '', '', '', '', '']
Bank 30: [np.float32(-0.0), np.float32(-0.0), np.float32(-0.0), np.float32(0.013427734), '', '', '', '', '', '', '', '', '', '', '', '', '', '', '', '', '', '', '', '', '', '', '', '', '', '', '', '']
Bank 31: [np.float32(0.002746582), np.float32(0.018920898), np.float32(0.01574707), np.float32(0.012817383), '', '', '', '', '', '', '', '', '', '', '', '', '', '', '', '', '', '', '', '', '', '', '', '', '', '', '', '']
