Bank 0: [np.float32(-0.0), np.float32(0.10107422), np.float32(0.10058594), np.float32(-0.0), np.float32(0.12695312), np.float32(-0.0), '', '', '', '', '', '', '', '', '', '', '', '', '', '', '', '', '', '', '', '', '', '', '', '', '', '']
Bank 1: [np.float32(0.0050354004), np.float32(0.028686523), np.float32(0.028442383), np.float32(0.04296875), np.float32(-0.0), np.float32(0.024658203), '', '', '', '', '', '', '', '', '', '', '', '', '', '', '', '', '', '', '', '', '', '', '', '', '', '']
Bank 2: [np.float32(-0.0), np.float32(-0.0), np.float32(0.10205078), np.float32(0.06933594), np.float32(0.07861328), np.float32(0.02709961), '', '', '', '', '', '', '', '', '', '', '', '', '', '', '', '', '', '', '', '', '', '', '', '', '', '']
Bank 3: [np.float32(0.2578125), np.float32(-0.0), np.float32(-0.0), np.float32(0.099121094), np.float32(-0.0), np.float32(-0.0), '', '', '', '', '', '', '', '', '', '', '', '', '', '', '', '', '', '', '', '', '', '', '', '', '', '']
Bank 4: [np.float32(0.0095825195), np.float32(0.25195312), np.float32(-0.0), np.float32(0.15136719), np.float32(0.25585938), np.float32(-0.0), '', '', '', '', '', '', '', '', '', '', '', '', '', '', '', '', '', '', '', '', '', '', '', '', '', '']
Bank 5: [np.float32(-0.0), np.float32(0.06542969), np.float32(-0.0), np.float32(0.11425781), np.float32(0.13867188), np.float32(-0.0), '', '', '', '', '', '', '', '', '', '', '', '', '', '', '', '', '', '', '', '', '', '', '', '', '', '']
Bank 6: [np.float32(0.11621094), np.float32(0.14648438), np.float32(0.020996094), np.float32(0.15917969), np.float32(0.036132812), np.float32(-0.0), '', '', '', '', '', '', '', '', '', '', '', '', '', '', '', '', '', '', '', '', '', '', '', '', '', '']
Bank 7: [np.float32(-0.0), np.float32(-0.0), np.float32(0.0009727478), np.float32(-0.0), np.float32(0.19433594), np.float32(-0.0), '', '', '', '', '', '', '', '', '', '', '', '', '', '', '', '', '', '', '', '', '', '', '', '', '', '']
Bank 8: [np.float32(-0.0), np.float32(-0.0), np.float32(0.13183594), np.float32(-0.0), np.float32(-0.0), np.float32(0.020263672), '', '', '', '', '', '', '', '', '', '', '', '', '', '', '', '', '', '', '', '', '', '', '', '', '', '']
Bank 9: [np.float32(0.16308594), np.float32(-0.0), np.float32(-0.0), np.float32(0.26953125), np.float32(-0.0), np.float32(-0.0), '', '', '', '', '', '', '', '', '', '', '', '', '', '', '', '', '', '', '', '', '', '', '', '', '', '']
Bank 10: [np.float32(0.036132812), np.float32(0.14257812), np.float32(-0.0), np.float32(-0.0), np.float32(0.036865234), np.float32(0.029541016), '', '', '', '', '', '', '', '', '', '', '', '', '', '', '', '', '', '', '', '', '', '', '', '', '', '']
Bank 11: [np.float32(-0.0), np.float32(0.16699219), np.float32(0.046875), np.float32(0.095703125), np.float32(-0.0), np.float32(0.018432617), '', '', '', '', '', '', '', '', '', '', '', '', '', '', '', '', '', '', '', '', '', '', '', '', '', '']
Bank 12: [np.float32(0.025878906), np.float32(0.068359375), np.float32(-0.0), np.float32(0.068847656), np.float32(-0.0), np.float32(-0.0), '', '', '', '', '', '', '', '', '', '', '', '', '', '', '', '', '', '', '', '', '', '', '', '', '', '']
Bank 13: [np.float32(-0.0), np.float32(0.017944336), np.float32(-0.0), np.float32(-0.0), np.float32(0.008972168), np.float32(0.09082031), '', '', '', '', '', '', '', '', '', '', '', '', '', '', '', '', '', '', '', '', '', '', '', '', '', '']
Bank 14: [np.float32(-0.0), np.float32(0.03491211), np.float32(0.1953125), np.float32(0.04711914), np.float32(0.024047852), np.float32(-0.0), '', '', '', '', '', '', '', '', '', '', '', '', '', '', '', '', '', '', '', '', '', '', '', '', '', '']
Bank 15: [np.float32(0.24804688), np.float32(0.043701172), np.float32(-0.0), np.float32(-0.0), np.float32(-0.0), np.float32(-0.0), '', '', '', '', '', '', '', '', '', '', '', '', '', '', '', '', '', '', '', '', '', '', '', '', '', '']
Bank 16: [np.float32(-0.0), np.float32(0.014526367), np.float32(0.09765625), np.float32(0.087890625), np.float32(0.020751953), np.float32(0.12451172), '', '', '', '', '', '', '', '', '', '', '', '', '', '', '', '', '', '', '', '', '', '', '', '', '', '']
Bank 17: [np.float32(-0.0), np.float32(0.1015625), np.float32(0.030029297), np.float32(-0.0), np.float32(-0.0), np.float32(0.07470703), '', '', '', '', '', '', '', '', '', '', '', '', '', '', '', '', '', '', '', '', '', '', '', '', '', '']
Bank 18: [np.float32(0.12792969), np.float32(-0.0), np.float32(0.03881836), np.float32(0.13671875), np.float32(-0.0), np.float32(0.0037231445), '', '', '', '', '', '', '', '', '', '', '', '', '', '', '', '', '', '', '', '', '', '', '', '', '', '']
Bank 19: [np.float32(-0.0), np.float32(0.13378906), np.float32(-0.0), np.float32(0.091308594), np.float32(0.22460938), np.float32(0.0037231445), '', '', '', '', '', '', '', '', '', '', '', '', '', '', '', '', '', '', '', '', '', '', '', '', '', '']
Bank 20: [np.float32(-0.0), np.float32(-0.0), np.float32(0.32226562), np.float32(0.006958008), np.float32(-0.0), np.float32(0.115722656), '', '', '', '', '', '', '', '', '', '', '', '', '', '', '', '', '', '', '', '', '', '', '', '', '', '']
Bank 21: [np.float32(-0.0), np.float32(0.1328125), np.float32(-0.0), np.float32(0.08251953), np.float32(-0.0), np.float32(-0.0), '', '', '', '', '', '', '', '', '', '', '', '', '', '', '', '', '', '', '', '', '', '', '', '', '', '']
Bank 22: [np.float32(-0.0), np.float32(0.18359375), np.float32(0.064941406), np.float32(0.01184082), np.float32(0.15625), np.float32(0.11425781), '', '', '', '', '', '', '', '', '', '', '', '', '', '', '', '', '', '', '', '', '', '', '', '', '', '']
Bank 23: [np.float32(-0.0), np.float32(-0.0), np.float32(0.06640625), np.float32(0.0052490234), np.float32(-0.0), np.float32(-0.0), '', '', '', '', '', '', '', '', '', '', '', '', '', '', '', '', '', '', '', '', '', '', '', '', '', '']
Bank 24: [np.float32(0.030761719), np.float32(-0.0), np.float32(-0.0), np.float32(0.03540039), np.float32(-0.0), np.float32(-0.0), '', '', '', '', '', '', '', '', '', '', '', '', '', '', '', '', '', '', '', '', '', '', '', '', '', '']
Bank 25: [np.float32(0.026855469), np.float32(0.16015625), np.float32(-0.0), np.float32(-0.0), np.float32(0.12890625), np.float32(0.01373291), '', '', '', '', '', '', '', '', '', '', '', '', '', '', '', '', '', '', '', '', '', '', '', '', '', '']
Bank 26: [np.float32(-0.0), np.float32(0.0007362366), np.float32(0.0062561035), np.float32(-0.0), np.float32(-0.0), np.float32(-0.0), '', '', '', '', '', '', '', '', '', '', '', '', '', '', '', '', '', '', '', '', '', '', '', '', '', '']
Bank 27: [np.float32(0.16503906), np.float32(0.17871094), np.float32(-0.0), np.float32(0.27148438), np.float32(-0.0), np.float32(0.015991211), '', '', '', '', '', '', '', '', '', '', '', '', '', '', '', '', '', '', '', '', '', '', '', '', '', '']
Bank 28: [np.float32(-0.0), np.float32(0.14941406), np.float32(-0.0), np.float32(-0.0), np.float32(0.07714844), np.float32(-0.0), '', '', '', '', '', '', '', '', '', '', '', '', '', '', '', '', '', '', '', '', '', '', '', '', '', '']
Bank 29: [np.float32(-0.0), np.float32(-0.0), np.float32(-0.0), np.float32(-0.0), np.float32(-0.0), np.float32(0.01965332), '', '', '', '', '', '', '', '', '', '', '', '', '', '', '', '', '', '', '', '', '', '', '', '', '', '']
Bank 30: [np.float32(0.23828125), np.float32(-0.0), np.float32(0.07763672), np.float32(0.13769531), np.float32(-0.0), np.float32(0.009887695), '', '', '', '', '', '', '', '', '', '', '', '', '', '', '', '', '', '', '', '', '', '', '', '', '', '']
Bank 31: [np.float32(-0.0), np.float32(0.07421875), np.float32(-0.0), np.float32(-0.0), np.float32(0.16113281), np.float32(0.032958984), '', '', '', '', '', '', '', '', '', '', '', '', '', '', '', '', '', '', '', '', '', '', '', '', '', '']
